Log file open, 08/12/17 17:59:09
LogWindows: LoadLibraryWithSearchPaths failed for file aqProf.dll. GetLastError=0
LogWindows: LoadLibraryWithSearchPaths failed for file VtuneApi.dll. GetLastError=0
LogWindows: LoadLibraryWithSearchPaths failed for file VtuneApi32e.dll. GetLastError=0
LogInit: Display: Running engine for game: Cube
LogPlatformFile: Not using cached read wrapper
LogInit: Display: RandInit(1611161870) SRandInit(1611161870).
LogTaskGraph: Started task graph with 5 named threads and 14 total threads with 3 sets of task threads.
LogStats: Stats thread started at 0.171891
LogD3D11RHI: Aftermath initialized
LogPluginManager: Mounting plugin Paper2D
LogPluginManager: Mounting plugin LightPropagationVolume
LogPluginManager: Mounting plugin CodeLiteSourceCodeAccess
LogPluginManager: Mounting plugin GitSourceControl
LogPluginManager: Mounting plugin KDevelopSourceCodeAccess
LogPluginManager: Mounting plugin NullSourceCodeAccess
LogPluginManager: Mounting plugin PerforceSourceControl
LogPluginManager: Mounting plugin SubversionSourceControl
LogPluginManager: Mounting plugin UObjectPlugin
LogPluginManager: Mounting plugin VisualStudioSourceCodeAccess
LogPluginManager: Mounting plugin XCodeSourceCodeAccess
LogPluginManager: Mounting plugin AssetManagerEditor
LogPluginManager: Mounting plugin AudioCapture
LogPluginManager: Mounting plugin FacialAnimation
LogPluginManager: Mounting plugin GameplayTagsEditor
LogPluginManager: Mounting plugin MobileLauncherProfileWizard
LogPluginManager: Mounting plugin PluginBrowser
LogPluginManager: Mounting plugin SpeedTreeImporter
LogPluginManager: Mounting plugin AlembicImporter
LogPluginManager: Mounting plugin CharacterAI
LogPluginManager: Mounting plugin HTML5Networking
LogPluginManager: Mounting plugin AndroidMedia
LogPluginManager: Mounting plugin AvfMedia
LogPluginManager: Mounting plugin MediaPlayerEditor
LogPluginManager: Mounting plugin WmfMedia
LogPluginManager: Mounting plugin TcpMessaging
LogPluginManager: Mounting plugin UdpMessaging
LogPluginManager: Mounting plugin LevelSequenceEditor
LogPluginManager: Mounting plugin MatineeToLevelSequence
LogPluginManager: Mounting plugin OnlineSubsystemGooglePlay
LogPluginManager: Mounting plugin OnlineSubsystemIOS
LogPluginManager: Mounting plugin OnlineSubsystem
LogPluginManager: Mounting plugin OnlineSubsystemNull
LogPluginManager: Mounting plugin OnlineSubsystemUtils
LogPluginManager: Mounting plugin AndroidDeviceProfileSelector
LogPluginManager: Mounting plugin AndroidMoviePlayer
LogPluginManager: Mounting plugin AndroidPermission
LogPluginManager: Mounting plugin AppleMoviePlayer
LogPluginManager: Mounting plugin ArchVisCharacter
LogPluginManager: Mounting plugin CableComponent
LogPluginManager: Mounting plugin CustomMeshComponent
LogPluginManager: Mounting plugin ExampleDeviceProfileSelector
LogPluginManager: Mounting plugin GoogleCloudMessaging
LogPluginManager: Mounting plugin ImmediatePhysics
LogPluginManager: Mounting plugin IOSDeviceProfileSelector
LogPluginManager: Mounting plugin LinuxDeviceProfileSelector
LogPluginManager: Mounting plugin LocationServicesBPLibrary
LogPluginManager: Mounting plugin MobilePatchingUtils
LogPluginManager: Mounting plugin OculusVR
LogPluginManager: Mounting plugin PhysXVehicles
LogPluginManager: Mounting plugin ProceduralMeshComponent
LogPluginManager: Mounting plugin RuntimePhysXCooking
LogPluginManager: Mounting plugin SteamVR
LogPluginManager: Mounting plugin WindowsMoviePlayer
LogInit: Using libcurl 7.47.1
LogInit:  - built for x86_64-pc-win32
LogInit:  - supports SSL with OpenSSL/1.0.2g
LogInit:  - supports HTTP deflate (compression) using libz 1.2.8
LogInit:  - other features:
LogInit:      CURL_VERSION_SSL
LogInit:      CURL_VERSION_LIBZ
LogInit:      CURL_VERSION_IPV6
LogInit:      CURL_VERSION_ASYNCHDNS
LogInit:      CURL_VERSION_LARGEFILE
LogInit:      CURL_VERSION_IDN
LogInit:  CurlRequestOptions (configurable via config and command line):
LogInit:  - bVerifyPeer = false  - Libcurl will NOT verify peer certificate
LogInit:  - bUseHttpProxy = false  - Libcurl will NOT use HTTP proxy
LogInit:  - bDontReuseConnections = false  - Libcurl will reuse connections
LogInit:  - CertBundlePath = nullptr  - Libcurl will use whatever was configured at build time.
LogInit: Build: ++UE4+Release-4.17-CL-3573198
LogInit: Engine Version: 4.17.0-3573198+++UE4+Release-4.17
LogInit: Compatible Engine Version: 4.17.0-3573198+++UE4+Release-4.17
LogInit: Net CL: 3573198
LogDevObjectVersion: Number of dev versions registered: 16
LogDevObjectVersion:   Dev-Blueprints (B0D832E4-1F89-4F0D-ACCF-7EB736FD4AA2): 10
LogDevObjectVersion:   Dev-Build (E1C64328-A22C-4D53-A36C-8E866417BD8C): 0
LogDevObjectVersion:   Dev-Core (375EC13C-06E4-48FB-B500-84F0262A717E): 2
LogDevObjectVersion:   Dev-Editor (E4B068ED-F494-42E9-A231-DA0B2E46BB41): 20
LogDevObjectVersion:   Dev-Framework (CFFC743F-43B0-4480-9391-14DF171D2073): 28
LogDevObjectVersion:   Dev-Mobile (B02B49B5-BB20-44E9-A304-32B752E40360): 0
LogDevObjectVersion:   Dev-Networking (A4E4105C-59A1-49B5-A7C5-40C4547EDFEE): 0
LogDevObjectVersion:   Dev-Online (39C831C9-5AE6-47DC-9A44-9C173E1C8E7C): 0
LogDevObjectVersion:   Dev-Physics (78F01B33-EBEA-4F98-B9B4-84EACCB95AA2): 0
LogDevObjectVersion:   Dev-Platform (6631380F-2D4D-43E0-8009-CF276956A95A): 0
LogDevObjectVersion:   Dev-Rendering (12F88B9F-8875-4AFC-A67C-D90C383ABD29): 19
LogDevObjectVersion:   Dev-Sequencer (7B5AE74C-D270-4C10-A958-57980B212A5A): 4
LogDevObjectVersion:   Dev-VR (D7296918-1DD6-4BDD-9DE2-64A83CC13884): 0
LogDevObjectVersion:   Dev-LoadTimes (C2A15278-BFE7-4AFE-6C17-90FF531DF755): 1
LogDevObjectVersion:   Private-Geometry (6EACA3D4-40EC-4CC1-B786-8BED09428FC5): 1
LogDevObjectVersion:   Dev-AnimPhys (29E575DD-E0A3-4627-9D10-D276232CDCEA): 7
LogInit: Compiled (64-bit): Aug  4 2017 16:30:33
LogInit: Compiled with Visual C++: 19.00.24215.01
LogInit: Build Configuration: Development
LogInit: Branch Name: ++UE4+Release-4.17
LogInit: Command line: -EpicPortal 
LogInit: Base directory: C:/Program Files (x86)/Epic Games/UE_4.17/Engine/Binaries/Win64/
LogInit: Installed Engine Build: 1
LogInit: Presizing for max 8388607 objects, including 0 objects not considered by GC, pre-allocating 0 bytes for permanent pool.
LogInit: Object subsystem initialized
[2017.08.12-13.59.09:931][  0]LogInit: Selected Device Profile: [Windows]
[2017.08.12-13.59.09:931][  0]LogInit: Applying CVar settings loaded from the selected device profile: [Windows]
[2017.08.12-13.59.09:939][  0]LogInit: Computer: ESENIN-PC
[2017.08.12-13.59.09:939][  0]LogInit: User: Esenin
[2017.08.12-13.59.09:939][  0]LogInit: CPU Page size=4096, Cores=4
[2017.08.12-13.59.09:939][  0]LogInit: High frequency timer resolution =3.323652 MHz
[2017.08.12-13.59.09:939][  0]LogMemory: Memory total: Physical=8.0GB (8GB approx)
[2017.08.12-13.59.09:939][  0]LogMemory: Platform Memory Stats for Windows
[2017.08.12-13.59.09:939][  0]LogMemory: Process Physical Memory: 279.08 MB used, 279.08 MB peak
[2017.08.12-13.59.09:939][  0]LogMemory: Process Virtual Memory: 276.47 MB used, 276.47 MB peak
[2017.08.12-13.59.09:939][  0]LogMemory: Physical Memory: 5768.21 MB used,  2383.84 MB free, 8152.05 MB total
[2017.08.12-13.59.09:939][  0]LogMemory: Virtual Memory: 654.75 MB used,  2383.84 MB free, 8388608.00 MB total
[2017.08.12-13.59.10:069][  0]LogInit: Using OS detected language (ru-RU).
[2017.08.12-13.59.10:069][  0]LogInit: Using OS detected locale (ru-RU).
[2017.08.12-13.59.10:072][  0]LogTextLocalizationManager: No localization for 'ru-RU' exists, so 'en' will be used for the language.
[2017.08.12-13.59.10:072][  0]LogTextLocalizationManager: No localization for 'ru-RU' exists, so 'en' will be used for the locale.
[2017.08.12-13.59.10:687][  0]LogD3D11RHI: D3D11 adapters:
[2017.08.12-13.59.10:703][  0]LogD3D11RHI:    0. 'NVIDIA GeForce GTX 780' (Feature Level 11_0)
[2017.08.12-13.59.10:703][  0]LogD3D11RHI:       2994/0/3820 MB DedicatedVideo/DedicatedSystem/SharedSystem, Outputs:2, VendorId:0x10de
[2017.08.12-13.59.10:703][  0]LogD3D11RHI: Chosen D3D11 Adapter: 0
[2017.08.12-13.59.10:709][  0]LogD3D11RHI: Creating new Direct3DDevice
[2017.08.12-13.59.10:709][  0]LogD3D11RHI:     GPU DeviceId: 0x1004 (for the marketing name, search the web for "GPU Device Id")
[2017.08.12-13.59.10:709][  0]LogWindows: EnumDisplayDevices:
[2017.08.12-13.59.10:709][  0]LogWindows:    0. 'NVIDIA GeForce GTX 780' (P:0 D:1)
[2017.08.12-13.59.10:709][  0]LogWindows:    1. 'NVIDIA GeForce GTX 780' (P:1 D:1)
[2017.08.12-13.59.10:710][  0]LogWindows:    2. 'NVIDIA GeForce GTX 780' (P:0 D:0)
[2017.08.12-13.59.10:710][  0]LogWindows:    3. 'NVIDIA GeForce GTX 780' (P:0 D:0)
[2017.08.12-13.59.10:710][  0]LogWindows:    4. 'RDPDD Chained DD' (P:0 D:0)
[2017.08.12-13.59.10:710][  0]LogWindows:    5. 'RDP Encoder Mirror Driver' (P:0 D:0)
[2017.08.12-13.59.10:710][  0]LogWindows:    6. 'RDP Reflector Display Driver' (P:0 D:0)
[2017.08.12-13.59.10:710][  0]LogWindows: DebugString: GetVideoDriverDetailsInvalid PrimaryIsNotTheChoosenAdapter GetVideoDriverDetailsInvalid PrimaryIsNotTheChoosenAdapter GetVideoDriverDetailsInvalid PrimaryIsNotTheChoosenAdapter FoundDriverCount:4 
[2017.08.12-13.59.10:710][  0]LogD3D11RHI:     Adapter Name: NVIDIA GeForce GTX 780
[2017.08.12-13.59.10:710][  0]LogD3D11RHI:   Driver Version: 347.52 (internal:9.18.13.4752, unified:347.52)
[2017.08.12-13.59.10:710][  0]LogD3D11RHI:      Driver Date: 2-5-2015
[2017.08.12-13.59.10:710][  0]LogRHI: Texture pool is 1361 MB (70% of 1945 MB)
[2017.08.12-13.59.10:716][  0]LogD3D11RHI: NvAPI_D3D_GetCurrentSLIState failed: 0xfffffff7
[2017.08.12-13.59.10:716][  0]LogD3D11RHI: Async texture creation enabled
[2017.08.12-13.59.10:731][  0]LogD3D11RHI: GPU Timing Frequency: 1000.000000 (Debug: 2 2)
[2017.08.12-13.59.10:733][  0]LogShaderCompilers: Guid format shader working directory is 15 characters bigger than the processId version (D:/!Art/Games/Build/Project/Cube/Intermediate/Shaders/WorkingDirectory/5900/).
[2017.08.12-13.59.10:733][  0]LogShaderCompilers: Cleaned the shader compiler working directory 'C:/Users/Esenin/AppData/Local/Temp/UnrealShaderWorkingDir/22F4973941002CC5DA1F01BEA3EADFDE/'.
[2017.08.12-13.59.10:733][  0]LogShaderCompilers: Display: Using Local Shader Compiler.
[2017.08.12-13.59.11:648][  0]LogTemp: Display: Loaded TP AllDesktopTargetPlatform
[2017.08.12-13.59.11:697][  0]LogTemp: Display: Loaded TP MacClientTargetPlatform
[2017.08.12-13.59.11:740][  0]LogTemp: Display: Loaded TP MacNoEditorTargetPlatform
[2017.08.12-13.59.11:786][  0]LogTemp: Display: Loaded TP MacServerTargetPlatform
[2017.08.12-13.59.11:832][  0]LogTemp: Display: Loaded TP MacTargetPlatform
[2017.08.12-13.59.11:879][  0]LogTemp: Display: Loaded TP WindowsClientTargetPlatform
[2017.08.12-13.59.11:923][  0]LogTemp: Display: Loaded TP WindowsNoEditorTargetPlatform
[2017.08.12-13.59.11:968][  0]LogTemp: Display: Loaded TP WindowsServerTargetPlatform
[2017.08.12-13.59.12:008][  0]LogTemp: Display: Loaded TP WindowsTargetPlatform
[2017.08.12-13.59.12:052][  0]LogTemp: Display: Loaded TP AndroidTargetPlatform
[2017.08.12-13.59.12:097][  0]LogTemp: Display: Loaded TP Android_ASTCTargetPlatform
[2017.08.12-13.59.12:142][  0]LogTemp: Display: Loaded TP Android_ATCTargetPlatform
[2017.08.12-13.59.12:191][  0]LogTemp: Display: Loaded TP Android_DXTTargetPlatform
[2017.08.12-13.59.12:236][  0]LogTemp: Display: Loaded TP Android_ETC1TargetPlatform
[2017.08.12-13.59.12:278][  0]LogTemp: Display: Loaded TP Android_ETC2TargetPlatform
[2017.08.12-13.59.12:367][  0]LogTemp: Display: Loaded TP Android_MultiTargetPlatform
[2017.08.12-13.59.12:367][  0]LogTemp: Display: Loaded TP Android_PVRTCTargetPlatform
[2017.08.12-13.59.12:401][  0]LogTemp: Display: Loaded TP HTML5TargetPlatform
[2017.08.12-13.59.12:482][  0]LogTemp: Display: Loaded TP IOSTargetPlatform
[2017.08.12-13.59.12:508][  0]LogTemp: Display: Loaded TP TVOSTargetPlatform
[2017.08.12-13.59.12:552][  0]LogTemp: Display: Loaded TP LinuxClientTargetPlatform
[2017.08.12-13.59.12:598][  0]LogTemp: Display: Loaded TP LinuxNoEditorTargetPlatform
[2017.08.12-13.59.12:645][  0]LogTemp: Display: Loaded TP LinuxServerTargetPlatform
[2017.08.12-13.59.12:691][  0]LogTemp: Display: Loaded TP LinuxTargetPlatform
[2017.08.12-13.59.12:691][  0]LogTargetPlatformManager: Display: Building Assets For Windows
[2017.08.12-13.59.13:092][  0]LogDerivedDataCache: Display: Max Cache Size: 512 MB
[2017.08.12-13.59.13:177][  0]LogDerivedDataCache: Loaded boot cache 0.09s 93MB C:/Users/Esenin/AppData/Local/UnrealEngine/4.17/DerivedDataCache/Boot.ddc.
[2017.08.12-13.59.13:178][  0]LogDerivedDataCache: Display: Loaded Boot cache: C:/Users/Esenin/AppData/Local/UnrealEngine/4.17/DerivedDataCache/Boot.ddc
[2017.08.12-13.59.13:178][  0]LogDerivedDataCache: FDerivedDataBackendGraph:  Pak pak cache file D:/!Art/Games/Build/Project/Cube/DerivedDataCache/DDC.ddp not found, will not use a pak cache.
[2017.08.12-13.59.13:178][  0]LogDerivedDataCache: Unable to find inner node Pak for hierarchical cache Hierarchy.
[2017.08.12-13.59.13:178][  0]LogDerivedDataCache: FDerivedDataBackendGraph:  CompressedPak pak cache file D:/!Art/Games/Build/Project/Cube/DerivedDataCache/Compressed.ddp not found, will not use a pak cache.
[2017.08.12-13.59.13:178][  0]LogDerivedDataCache: Unable to find inner node CompressedPak for hierarchical cache Hierarchy.
[2017.08.12-13.59.13:197][  0]LogDerivedDataCache: Display: Pak cache opened for reading ../../../Engine/DerivedDataCache/Compressed.ddp.
[2017.08.12-13.59.13:208][  0]LogDerivedDataCache: Using Local data cache path C:/Users/Esenin/AppData/Local/UnrealEngine/Common/DerivedDataCache: Writable
[2017.08.12-13.59.13:218][  0]LogMaterial: Verifying Global Shaders for PCD3D_SM5
[2017.08.12-13.59.13:218][  0]LogSlate: Using Freetype 2.6.0
[2017.08.12-13.59.13:219][  0]LogSlate: SlateFontCache - WITH_FREETYPE: 1, WITH_HARFBUZZ: 1
[2017.08.12-13.59.13:219][  0]LogSlate: SlateFontCache - WITH_FREETYPE: 1, WITH_HARFBUZZ: 1
[2017.08.12-13.59.13:496][  0]LogAssetRegistry: FAssetRegistry took 0.0247 seconds to start up
[2017.08.12-13.59.13:685][  0]LogInit: Selected Device Profile: [Windows]
[2017.08.12-13.59.13:691][  0]LogContentStreaming: Texture pool size is 0.00 MB
[2017.08.12-13.59.14:048][  0]LogSimplygon: Simplygon DLL not present - disabling.
[2017.08.12-13.59.14:083][  0]LogMeshReduction: Using SimplygonSwarm for distributed automatic mesh merging
[2017.08.12-13.59.14:083][  0]LogMeshReduction: Using QuadricMeshReduction for automatic static mesh reduction
[2017.08.12-13.59.14:083][  0]LogMeshReduction: No automatic skeletal mesh reduction module available
[2017.08.12-13.59.14:083][  0]LogMeshReduction: No automatic mesh merging module available
[2017.08.12-13.59.14:083][  0]LogMeshMerging: No automatic mesh merging module available
[2017.08.12-13.59.14:420][  0]LogNetVersion: Cube , NetCL: 3573198, EngineNetVer: 2, GameNetVer: 0 (Checksum: 1907028213)
[2017.08.12-13.59.14:603][  0]LogPackageLocalizationCache: Processed 5 localized package path(s) for 1 prioritized culture(s) in 0.026047 seconds
[2017.08.12-13.59.14:610][  0]LogUObjectArray: 35825 objects as part of root set at end of initial load.
[2017.08.12-13.59.14:610][  0]LogUObjectAllocator: 7529112 out of 0 bytes used by permanent object pool.
[2017.08.12-13.59.14:610][  0]LogUObjectArray: CloseDisregardForGC: 0/0 objects in disregard for GC pool
[2017.08.12-13.59.14:660][  0]LogInit: WinSock: version 1.1 (2.2), MaxSocks=32767, MaxUdp=65467
[2017.08.12-13.59.16:892][  0]LogTcpMessaging: Initializing TcpMessaging bridge
[2017.08.12-13.59.16:924][  0]LogUdpMessaging: Initializing bridge on interface 0.0.0.0:0 to multicast group 230.0.0.1:6666.
[2017.08.12-13.59.17:448][  0]LogMaterial: Uniform references updated for custom material expression Custom.
[2017.08.12-13.59.17:790][  0]SourceControl: Source control is disabled
[2017.08.12-13.59.17:790][  0]SourceControl: Source control is disabled
[2017.08.12-13.59.17:828][  0]SourceControl: Source control is disabled
[2017.08.12-13.59.17:868][  0]SourceControl: Source control is disabled
[2017.08.12-13.59.18:333][  0]LogAndroidPermission: UAndroidPermissionCallbackProxy::GetInstance
[2017.08.12-13.59.18:529][  0]LogOcInput: OculusInput pre-init called
[2017.08.12-13.59.18:742][  0]LogEngine: Initializing Engine...
[2017.08.12-13.59.18:744][  0]LogHMD: Failed to initialize OpenVR with code 110
[2017.08.12-13.59.18:967][  0]LogStats: UGameplayTagsManager::ConstructGameplayTagTree: Construct from data asset -  0.000 s
[2017.08.12-13.59.18:967][  0]LogStats: UGameplayTagsManager::ConstructGameplayTagTree: GameplayTagTreeChangedEvent.Broadcast -  0.000 s
[2017.08.12-13.59.19:085][  0]LogAIModule: Creating AISystem for world Untitled
[2017.08.12-13.59.19:093][  0]LogInit: XAudio2 using 'Динамики (Устройство с поддержкой High Definition Audio)' : 2 channels at 44.1 kHz using 16 bits per sample (channel mask 0x3)
[2017.08.12-13.59.19:099][  0]LogInit: FAudioDevice initialized.
[2017.08.12-13.59.19:181][  0]LogDerivedDataCache: Saved boot cache 0.08s 93MB C:/Users/Esenin/AppData/Local/UnrealEngine/4.17/DerivedDataCache/Boot.ddc.
[2017.08.12-13.59.19:193][  0]LogInit: Texture streaming: Enabled
[2017.08.12-13.59.19:285][  0]LogEngineSessionManager: EngineSessionManager initialized
[2017.08.12-13.59.19:460][  0]LogInit: Transaction tracking system initialized
[2017.08.12-13.59.19:717][  0]BlueprintLog: New page: Editor Load
[2017.08.12-13.59.20:467][  0]LocalizationService: Localization service is disabled
[2017.08.12-13.59.21:038][  0]LogConsoleResponse: Display: 
[2017.08.12-13.59.21:214][  0]LogCook: Display: Max memory allowance for cook 16384mb min free memory 0mb
[2017.08.12-13.59.21:214][  0]LogCook: Display: Mobile HDR setting 1
[2017.08.12-13.59.21:214][  0]LogGameplayTags: Display: UGameplayTagsManager::DoneAddingNativeTags. DelegateIsBound: 0
[2017.08.12-13.59.22:025][  0]LogFileCache: Scanning file cache for directory 'D:/!Art/Games/Build/Project/Cube/Content/' took 0.01s
[2017.08.12-13.59.22:064][  0]SourceControl: Source control is disabled
[2017.08.12-13.59.22:139][  0]LogSlate: Took 0.000149 seconds to synchronously load lazily loaded font '../../../Engine/Content/Slate/Fonts/Roboto-Regular.ttf' (155K)
[2017.08.12-13.59.50:266][  0]LogWindowsTextInputMethodSystem: Display: IME system now deactivated.
[2017.08.12-13.59.50:268][  0]Cmd: MAP LOAD FILE="D:/!Art/Games/Build/Project/Cube/Content/main_level.umap" TEMPLATE=0 SHOWPROGRESS=1 FEATURELEVEL=3
[2017.08.12-13.59.50:268][  0]LogEditorServer: Warning: Can't find file 'D:/!Art/Games/Build/Project/Cube/Content/main_level.umap'
[2017.08.12-13.59.50:269][  0]Cmd: MAP CHECKDEP NOCLEARLOG
[2017.08.12-13.59.50:305][  0]MapCheck: Map check complete: 0 Error(s), 0 Warning(s), took 36.423ms to complete.
[2017.08.12-13.59.50:305][  0]LogFileHelpers: Loading map 'main_level' took 0.037
[2017.08.12-13.59.50:421][  0]LogStats: Warning: MetaData mismatch. Did you assign a stat to two groups? New //STATGROUP_Threads//SplashScreenThread///Thread_1fe0_0///####STATCAT_Advanced#### old //STATGROUP_Threads//SplashScreenThread///Thread_1f84_0///####STATCAT_Advanced####
[2017.08.12-13.59.50:421][  0]LogCollectionManager: Loaded 0 collections in 0.001237 seconds
[2017.08.12-13.59.50:497][  0]LogFileCache: Scanning file cache for directory 'D:/!Art/Games/Build/Project/Cube/Saved/Collections/' took 0.01s
[2017.08.12-13.59.50:497][  0]LogFileCache: Scanning file cache for directory 'D:/!Art/Games/Build/Project/Cube/Content/Developers/Esenin/Collections/' took 0.01s
[2017.08.12-13.59.50:497][  0]LogFileCache: Scanning file cache for directory 'D:/!Art/Games/Build/Project/Cube/Content/Collections/' took 0.01s
[2017.08.12-13.59.50:497][  0]LogCollectionManager: Rebuilt the GUID cache for 0 collections in 0.000001 seconds
[2017.08.12-13.59.50:506][  0]LogContentBrowser: Native class hierarchy populated in 0.0093 seconds. Added 2386 classes and 500 folders.
[2017.08.12-13.59.50:560][  0]LogContentBrowser: Native class hierarchy updated for 'WidgetCarousel' in 0.0006 seconds. Added 0 classes and 0 folders.
[2017.08.12-13.59.50:594][  0]LogContentBrowser: Native class hierarchy updated for 'AddContentDialog' in 0.0006 seconds. Added 0 classes and 0 folders.
[2017.08.12-13.59.50:631][  0]LogContentBrowser: Native class hierarchy updated for 'SceneOutliner' in 0.0006 seconds. Added 1 classes and 2 folders.
[2017.08.12-13.59.50:651][  0]LogSlate: Took 0.000144 seconds to synchronously load lazily loaded font '../../../Engine/Content/Slate/Fonts/Roboto-Bold.ttf' (160K)
[2017.08.12-13.59.50:656][  0]LogSlate: Took 0.000162 seconds to synchronously load lazily loaded font '../../../Engine/Content/Editor/Slate/Fonts/FontAwesome.ttf' (139K)
[2017.08.12-13.59.50:778][  0]LogRenderer: Reallocating scene render targets to support 1208x576 Format 10 NumSamples 1 (Frame:1).
[2017.08.12-13.59.50:970][  0]LogContentBrowser: Native class hierarchy updated for 'HierarchicalLODOutliner' in 0.0006 seconds. Added 1 classes and 2 folders.
[2017.08.12-13.59.50:970][  0]LogLoad: (Engine Initialization) Total time: 42.34 seconds
[2017.08.12-13.59.50:970][  0]LogLoad: (Engine Initialization) Total Blueprint compile time: 0.00 seconds
[2017.08.12-13.59.50:970][  0]LogExternalProfiler: Found external profiler: VSPerf
[2017.08.12-13.59.50:970][  0]LogExternalProfiler: Using external profiler: VSPerf
[2017.08.12-13.59.51:000][  0]LogContentStreaming: Texture pool size now 1000 MB
[2017.08.12-13.59.51:016][  0]LogSlate: Took 0.000305 seconds to synchronously load lazily loaded font '../../../Engine/Content/Slate/Fonts/Roboto-Light.ttf' (159K)
[2017.08.12-13.59.51:027][  1]LogAssetRegistry: Asset discovery search completed in 37.5514 seconds
[2017.08.12-13.59.51:029][  1]LogCollectionManager: Rebuilt the object cache for 0 collections in 0.000001 seconds (found 0 objects)
[2017.08.12-13.59.51:029][  1]LogCollectionManager: Fixed up redirectors for 0 collections in 0.000076 seconds (updated 0 objects)
[2017.08.12-13.59.51:998][103]LogSlate: Took 0.000142 seconds to synchronously load lazily loaded font '../../../Engine/Content/Slate/Fonts/Roboto-Light.ttf' (159K)
[2017.08.12-13.59.58:505][756]LogTemp: Repeating last play command: Selected Viewport
[2017.08.12-13.59.58:516][756]LogPlayLevel: PlayLevel: No blueprints needed recompiling
[2017.08.12-13.59.58:518][756]PIE: New page: PIE session: Untitled_0 (Aug 12, 2017, 9:59:58 PM)
[2017.08.12-13.59.58:518][756]LogPlayLevel: Creating play world package: /Temp/UEDPIE_0_Untitled_0
[2017.08.12-13.59.58:518][756]LogPlayLevel: PIE: StaticDuplicateObject took: (0.000573s)
[2017.08.12-13.59.58:519][756]LogAIModule: Creating AISystem for world Untitled
[2017.08.12-13.59.58:519][756]LogPlayLevel: PIE: World Init took: (0.000732s)
[2017.08.12-13.59.58:519][756]LogPlayLevel: PIE: Created PIE world by copying editor world from /Temp/Untitled_0.Untitled to /Temp/UEDPIE_0_Untitled_0.Untitled (0.001506s)
[2017.08.12-13.59.58:538][756]LogInit: XAudio2 using 'Динамики (Устройство с поддержкой High Definition Audio)' : 2 channels at 44.1 kHz using 16 bits per sample (channel mask 0x3)
[2017.08.12-13.59.58:547][756]LogInit: FAudioDevice initialized.
[2017.08.12-13.59.58:692][756]LogMaterial: Missing cached shader map for material m_box_test, compiling. 
[2017.08.12-13.59.58:746][756]LogMaterial: Missing cached shader map for material m_box_test_2, compiling. 
[2017.08.12-13.59.58:764][756]LogLoad: Game class is 'bp_main_game_mode_C'
[2017.08.12-13.59.58:767][756]LogWorld: Bringing World /Temp/UEDPIE_0_Untitled_0.Untitled up for play (max tick rate 0) at 2017.08.12-17.59.58
[2017.08.12-13.59.58:767][756]LogWorld: Bringing up level for play took: 0.001152
[2017.08.12-13.59.58:907][756]LogContentBrowser: Native class hierarchy updated for 'MovieSceneCapture' in 0.0007 seconds. Added 11 classes and 0 folders.
[2017.08.12-13.59.58:908][756]PIE: Play in editor start time for /Temp/UEDPIE_0_Untitled_0 -0.056
[2017.08.12-14.00.08:439][608]LogSlate: Took 0.000111 seconds to synchronously load lazily loaded font '../../../Engine/Content/Slate/Fonts/Roboto-Light.ttf' (159K)
[2017.08.12-14.00.08:848][608]LogContentBrowser: Native class hierarchy updated for 'BlueprintGraph' in 0.0010 seconds. Added 113 classes and 0 folders.
[2017.08.12-14.00.09:632][608]LogSlate: Took 0.000101 seconds to synchronously load lazily loaded font '../../../Engine/Content/Slate/Fonts/Roboto-Regular.ttf' (155K)
[2017.08.12-14.00.09:701][608]LogSlate: Took 0.000931 seconds to synchronously load lazily loaded font '../../../Engine/Content/Editor/Slate/Fonts/Roboto-BoldCondensed.ttf' (158K)
[2017.08.12-14.00.09:813][609]LogSlate: Took 0.001159 seconds to synchronously load lazily loaded font '../../../Engine/Content/Editor/Slate/Fonts/Roboto-Italic.ttf' (157K)
[2017.08.12-14.00.20:043][643]BlueprintLog: New page: Compile main
[2017.08.12-14.00.20:672][684]Cmd: OBJ SAVEPACKAGE PACKAGE="/Game/Blueprints/main" FILE="D:/!Art/Games/Build/Project/Cube/Content/Blueprints/main.uasset" SILENT=true
[2017.08.12-14.00.20:715][684]LogSavePackage: Save=41.22ms
[2017.08.12-14.00.20:715][684]LogSavePackage: Moving 'D:/!Art/Games/Build/Project/Cube/Saved/main0AFAD1234E5FC39023243E94F179EE82.tmp' to 'D:/!Art/Games/Build/Project/Cube/Content/Blueprints/main.uasset'
[2017.08.12-14.00.20:716][684]LogSavePackage: Display: Finished SavePackage D:/!Art/Games/Build/Project/Cube/Content/Blueprints/main.uasset
[2017.08.12-14.00.29:666][626]LogTexture: Display: Building textures: HQ_Lightmap0_2 (AutoDXT, 64X64)
[2017.08.12-14.00.29:666][626]LogTexture: Display: Building textures: HQ_Lightmap0_1 (AutoDXT, 256X256)
[2017.08.12-14.00.29:666][626]LogTexture: Display: Building textures: LQ_Lightmap_0_1 (DXT1, 256X256)
[2017.08.12-14.00.29:666][626]LogTexture: Display: Building textures: LQ_Lightmap_0_2 (DXT1, 64X64)
[2017.08.12-14.00.29:666][626]LogTexture: Display: Building textures: ShadowMapTexture2D_4 (G8, 128X128)
[2017.08.12-14.00.29:667][626]LogTexture: Display: Building textures: ShadowMapTexture2D_5 (G8, 32X32)
[2017.08.12-14.00.29:707][626]LogAIModule: Creating AISystem for world main_level
[2017.08.12-14.00.29:739][626]Cmd: MAP LOAD FILE="D:/!Art/Games/Build/Project/Cube/Content/Levels/main_level.umap" TEMPLATE=0 SHOWPROGRESS=1 FEATURELEVEL=3
[2017.08.12-14.00.29:739][626]LightingResults: New page: Lighting Build
[2017.08.12-14.00.29:775][626]LogContentBrowser: Native class hierarchy updated for 'StatsViewer' in 0.0009 seconds. Added 5 classes and 0 folders.
[2017.08.12-14.00.29:776][626]LoadErrors: New page: Loading map: main_level.umap
[2017.08.12-14.00.29:776][626]MapCheck: New page: Map Check
[2017.08.12-14.00.29:776][626]LightingResults: New page: Lighting Build
[2017.08.12-14.00.29:797][626]LogEditorServer: Finished looking for orphan Actors (0.000 secs)
[2017.08.12-14.00.29:821][626]Cmd: MAP CHECKDEP NOCLEARLOG
[2017.08.12-14.00.29:863][626]MapCheck: Map check complete: 0 Error(s), 0 Warning(s), took 41.829ms to complete.
[2017.08.12-14.00.29:863][626]LogFileHelpers: Loading map 'main_level' took 0.126
[2017.08.12-14.00.31:964][845]LogTemp: Repeating last play command: Selected Viewport
[2017.08.12-14.00.31:986][845]LogPlayLevel: PlayLevel: No blueprints needed recompiling
[2017.08.12-14.00.31:986][845]PIE: New page: PIE session: main_level (Aug 12, 2017, 10:00:31 PM)
[2017.08.12-14.00.31:986][845]LogPlayLevel: Creating play world package: /Game/Levels/UEDPIE_0_main_level
[2017.08.12-14.00.31:988][845]LogPlayLevel: PIE: StaticDuplicateObject took: (0.001813s)
[2017.08.12-14.00.31:988][845]LogAIModule: Creating AISystem for world main_level
[2017.08.12-14.00.31:989][845]LogPlayLevel: PIE: World Init took: (0.000640s)
[2017.08.12-14.00.31:989][845]LogPlayLevel: PIE: Created PIE world by copying editor world from /Game/Levels/main_level.main_level to /Game/Levels/UEDPIE_0_main_level.main_level (0.002672s)
[2017.08.12-14.00.32:014][845]LogInit: XAudio2 using 'Динамики (Устройство с поддержкой High Definition Audio)' : 2 channels at 44.1 kHz using 16 bits per sample (channel mask 0x3)
[2017.08.12-14.00.32:019][845]LogInit: FAudioDevice initialized.
[2017.08.12-14.00.32:053][845]LogLoad: Game class is 'bp_main_game_mode_C'
[2017.08.12-14.00.32:054][845]LogWorld: Bringing World /Game/Levels/UEDPIE_0_main_level.main_level up for play (max tick rate 0) at 2017.08.12-18.00.32
[2017.08.12-14.00.32:057][845]LogWorld: Bringing up level for play took: 0.003128
[2017.08.12-14.00.32:058][845]PIE: Play in editor start time for /Game/Levels/UEDPIE_0_main_level -0.907
[2017.08.12-14.00.36:024][244]LogEditorViewport: Clicking on Actor (LMB): StaticMeshActor (Floor)
[2017.08.12-14.00.36:752][289]Cmd: DELETE
[2017.08.12-14.00.36:752][289]Cmd: ACTOR DELETE
[2017.08.12-14.00.36:754][289]LogEditorActor: Deleted Actor: StaticMeshActor
[2017.08.12-14.00.36:770][289]LogEditorActor: Deleted 1 Actors (0.019 secs)
[2017.08.12-14.00.38:202][436]LogTemp: Repeating last play command: Selected Viewport
[2017.08.12-14.00.38:210][436]LogPlayLevel: PlayLevel: No blueprints needed recompiling
[2017.08.12-14.00.38:211][436]PIE: New page: PIE session: main_level (Aug 12, 2017, 10:00:38 PM)
[2017.08.12-14.00.38:211][436]LogPlayLevel: Creating play world package: /Game/Levels/UEDPIE_0_main_level
[2017.08.12-14.00.38:214][436]LogPlayLevel: PIE: StaticDuplicateObject took: (0.003210s)
[2017.08.12-14.00.38:215][436]LogAIModule: Creating AISystem for world main_level
[2017.08.12-14.00.38:215][436]LogPlayLevel: PIE: World Init took: (0.000949s)
[2017.08.12-14.00.38:215][436]LogPlayLevel: PIE: Created PIE world by copying editor world from /Game/Levels/main_level.main_level to /Game/Levels/UEDPIE_0_main_level.main_level (0.004442s)
[2017.08.12-14.00.38:237][436]LogInit: XAudio2 using 'Динамики (Устройство с поддержкой High Definition Audio)' : 2 channels at 44.1 kHz using 16 bits per sample (channel mask 0x3)
[2017.08.12-14.00.38:249][436]LogInit: FAudioDevice initialized.
[2017.08.12-14.00.38:293][436]LogLoad: Game class is 'bp_main_game_mode_C'
[2017.08.12-14.00.38:294][436]LogWorld: Bringing World /Game/Levels/UEDPIE_0_main_level.main_level up for play (max tick rate 0) at 2017.08.12-18.00.38
[2017.08.12-14.00.38:294][436]LogWorld: Bringing up level for play took: 0.001185
[2017.08.12-14.00.38:295][436]PIE: Play in editor start time for /Game/Levels/UEDPIE_0_main_level -0.67
[2017.08.12-14.00.54:505][187]Cmd: OBJ SAVEPACKAGE PACKAGE="/Game/Blueprints/main" FILE="D:/!Art/Games/Build/Project/Cube/Content/Blueprints/main.uasset" SILENT=true
[2017.08.12-14.00.54:549][187]LogSavePackage: Save=43.11ms
[2017.08.12-14.00.54:549][187]LogSavePackage: Moving 'D:/!Art/Games/Build/Project/Cube/Saved/mainAD27EAB74BED61CD59518485F5DB7618.tmp' to 'D:/!Art/Games/Build/Project/Cube/Content/Blueprints/main.uasset'
[2017.08.12-14.00.54:549][187]LogSavePackage: Display: Finished SavePackage D:/!Art/Games/Build/Project/Cube/Content/Blueprints/main.uasset
[2017.08.12-14.00.54:759][211]BlueprintLog: New page: Compile main
[2017.08.12-14.00.57:318][435]Cmd: OBJ SAVEPACKAGE PACKAGE="/Game/Levels/main_level" FILE="D:/!Art/Games/Build/Project/Cube/Content/Levels/main_level.umap" SILENT=true AUTOSAVING=false KEEPDIRTY=false
[2017.08.12-14.00.57:377][435]LogSavePackage: Save=38.45ms
[2017.08.12-14.00.57:377][435]LogSavePackage: Moving 'D:/!Art/Games/Build/Project/Cube/Saved/main_level21C21F8A4D2B3E67BC96C5B87A2DD011.tmp' to 'D:/!Art/Games/Build/Project/Cube/Content/Levels/main_level.umap'
[2017.08.12-14.00.57:378][435]LogSavePackage: Display: Finished SavePackage D:/!Art/Games/Build/Project/Cube/Content/Levels/main_level.umap
[2017.08.12-14.00.57:385][435]LogFileHelpers: Saving map 'main_level' took 0.113
