Log file open, 08/16/17 03:25:47
LogWindows: LoadLibraryWithSearchPaths failed for file aqProf.dll. GetLastError=0
LogWindows: LoadLibraryWithSearchPaths failed for file VtuneApi.dll. GetLastError=0
LogWindows: LoadLibraryWithSearchPaths failed for file VtuneApi32e.dll. GetLastError=0
LogInit: Display: Running engine for game: BoxPlease02
LogPlatformFile: Not using cached read wrapper
LogInit: Display: RandInit(678976770) SRandInit(678976770).
LogTaskGraph: Started task graph with 5 named threads and 8 total threads with 3 sets of task threads.
LogStats: Stats thread started at 4.395750
LogD3D11RHI: Aftermath initialized
LogPluginManager: Mounting plugin Paper2D
LogPluginManager: Mounting plugin LightPropagationVolume
LogPluginManager: Mounting plugin CodeLiteSourceCodeAccess
LogPluginManager: Mounting plugin GitSourceControl
LogPluginManager: Mounting plugin KDevelopSourceCodeAccess
LogPluginManager: Mounting plugin NullSourceCodeAccess
LogPluginManager: Mounting plugin PerforceSourceControl
LogPluginManager: Mounting plugin SubversionSourceControl
LogPluginManager: Mounting plugin UObjectPlugin
LogPluginManager: Mounting plugin VisualStudioSourceCodeAccess
LogPluginManager: Mounting plugin XCodeSourceCodeAccess
LogPluginManager: Mounting plugin AssetManagerEditor
LogPluginManager: Mounting plugin AudioCapture
LogPluginManager: Mounting plugin FacialAnimation
LogPluginManager: Mounting plugin GameplayTagsEditor
LogPluginManager: Mounting plugin MobileLauncherProfileWizard
LogPluginManager: Mounting plugin PluginBrowser
LogPluginManager: Mounting plugin SpeedTreeImporter
LogPluginManager: Mounting plugin AlembicImporter
LogPluginManager: Mounting plugin CharacterAI
LogPluginManager: Mounting plugin HTML5Networking
LogPluginManager: Mounting plugin AndroidMedia
LogPluginManager: Mounting plugin AvfMedia
LogPluginManager: Mounting plugin MediaPlayerEditor
LogPluginManager: Mounting plugin WmfMedia
LogPluginManager: Mounting plugin TcpMessaging
LogPluginManager: Mounting plugin UdpMessaging
LogPluginManager: Mounting plugin LevelSequenceEditor
LogPluginManager: Mounting plugin MatineeToLevelSequence
LogPluginManager: Mounting plugin OnlineSubsystemGooglePlay
LogPluginManager: Mounting plugin OnlineSubsystemIOS
LogPluginManager: Mounting plugin OnlineSubsystem
LogPluginManager: Mounting plugin OnlineSubsystemNull
LogPluginManager: Mounting plugin OnlineSubsystemUtils
LogPluginManager: Mounting plugin AndroidDeviceProfileSelector
LogPluginManager: Mounting plugin AndroidMoviePlayer
LogPluginManager: Mounting plugin AndroidPermission
LogPluginManager: Mounting plugin AppleMoviePlayer
LogPluginManager: Mounting plugin ArchVisCharacter
LogPluginManager: Mounting plugin CableComponent
LogPluginManager: Mounting plugin CustomMeshComponent
LogPluginManager: Mounting plugin ExampleDeviceProfileSelector
LogPluginManager: Mounting plugin GoogleCloudMessaging
LogPluginManager: Mounting plugin ImmediatePhysics
LogPluginManager: Mounting plugin IOSDeviceProfileSelector
LogPluginManager: Mounting plugin LinuxDeviceProfileSelector
LogPluginManager: Mounting plugin LocationServicesBPLibrary
LogPluginManager: Mounting plugin MobilePatchingUtils
LogPluginManager: Mounting plugin OculusVR
LogPluginManager: Mounting plugin PhysXVehicles
LogPluginManager: Mounting plugin ProceduralMeshComponent
LogPluginManager: Mounting plugin RuntimePhysXCooking
LogPluginManager: Mounting plugin SteamVR
LogPluginManager: Mounting plugin WindowsMoviePlayer
LogInit: Using libcurl 7.47.1
LogInit:  - built for x86_64-pc-win32
LogInit:  - supports SSL with OpenSSL/1.0.2g
LogInit:  - supports HTTP deflate (compression) using libz 1.2.8
LogInit:  - other features:
LogInit:      CURL_VERSION_SSL
LogInit:      CURL_VERSION_LIBZ
LogInit:      CURL_VERSION_IPV6
LogInit:      CURL_VERSION_ASYNCHDNS
LogInit:      CURL_VERSION_LARGEFILE
LogInit:      CURL_VERSION_IDN
LogInit:  CurlRequestOptions (configurable via config and command line):
LogInit:  - bVerifyPeer = false  - Libcurl will NOT verify peer certificate
LogInit:  - bUseHttpProxy = false  - Libcurl will NOT use HTTP proxy
LogInit:  - bDontReuseConnections = false  - Libcurl will reuse connections
LogInit:  - CertBundlePath = nullptr  - Libcurl will use whatever was configured at build time.
LogInit: Build: ++UE4+Release-4.17-CL-3573198
LogInit: Engine Version: 4.17.0-3573198+++UE4+Release-4.17
LogInit: Compatible Engine Version: 4.17.0-3573198+++UE4+Release-4.17
LogInit: Net CL: 3573198
LogDevObjectVersion: Number of dev versions registered: 16
LogDevObjectVersion:   Dev-Blueprints (B0D832E4-1F89-4F0D-ACCF-7EB736FD4AA2): 10
LogDevObjectVersion:   Dev-Build (E1C64328-A22C-4D53-A36C-8E866417BD8C): 0
LogDevObjectVersion:   Dev-Core (375EC13C-06E4-48FB-B500-84F0262A717E): 2
LogDevObjectVersion:   Dev-Editor (E4B068ED-F494-42E9-A231-DA0B2E46BB41): 20
LogDevObjectVersion:   Dev-Framework (CFFC743F-43B0-4480-9391-14DF171D2073): 28
LogDevObjectVersion:   Dev-Mobile (B02B49B5-BB20-44E9-A304-32B752E40360): 0
LogDevObjectVersion:   Dev-Networking (A4E4105C-59A1-49B5-A7C5-40C4547EDFEE): 0
LogDevObjectVersion:   Dev-Online (39C831C9-5AE6-47DC-9A44-9C173E1C8E7C): 0
LogDevObjectVersion:   Dev-Physics (78F01B33-EBEA-4F98-B9B4-84EACCB95AA2): 0
LogDevObjectVersion:   Dev-Platform (6631380F-2D4D-43E0-8009-CF276956A95A): 0
LogDevObjectVersion:   Dev-Rendering (12F88B9F-8875-4AFC-A67C-D90C383ABD29): 19
LogDevObjectVersion:   Dev-Sequencer (7B5AE74C-D270-4C10-A958-57980B212A5A): 4
LogDevObjectVersion:   Dev-VR (D7296918-1DD6-4BDD-9DE2-64A83CC13884): 0
LogDevObjectVersion:   Dev-LoadTimes (C2A15278-BFE7-4AFE-6C17-90FF531DF755): 1
LogDevObjectVersion:   Private-Geometry (6EACA3D4-40EC-4CC1-B786-8BED09428FC5): 1
LogDevObjectVersion:   Dev-AnimPhys (29E575DD-E0A3-4627-9D10-D276232CDCEA): 7
LogInit: Compiled (64-bit): Aug  4 2017 16:30:33
LogInit: Compiled with Visual C++: 19.00.24215.01
LogInit: Build Configuration: Development
LogInit: Branch Name: ++UE4+Release-4.17
LogInit: Command line:  
LogInit: Base directory: C:/Program Files/Epic Games/UE_4.17/Engine/Binaries/Win64/
LogInit: Installed Engine Build: 1
LogInit: Presizing for max 8388607 objects, including 0 objects not considered by GC, pre-allocating 0 bytes for permanent pool.
LogInit: Object subsystem initialized
[2017.08.16-00.25.49:828][  0]LogInit: Selected Device Profile: [Windows]
[2017.08.16-00.25.49:829][  0]LogInit: Applying CVar settings loaded from the selected device profile: [Windows]
[2017.08.16-00.25.49:863][  0]LogInit: Computer: USER-PC
[2017.08.16-00.25.49:863][  0]LogInit: User: Admin
[2017.08.16-00.25.49:863][  0]LogInit: CPU Page size=4096, Cores=2
[2017.08.16-00.25.49:863][  0]LogInit: High frequency timer resolution =4.101708 MHz
[2017.08.16-00.25.49:864][  0]LogMemory: Memory total: Physical=8.0GB (8GB approx)
[2017.08.16-00.25.49:867][  0]LogMemory: Platform Memory Stats for Windows
[2017.08.16-00.25.49:867][  0]LogMemory: Process Physical Memory: 279.45 MB used, 279.45 MB peak
[2017.08.16-00.25.49:867][  0]LogMemory: Process Virtual Memory: 282.25 MB used, 282.25 MB peak
[2017.08.16-00.25.49:867][  0]LogMemory: Physical Memory: 4920.55 MB used,  3220.98 MB free, 8141.53 MB total
[2017.08.16-00.25.49:867][  0]LogMemory: Virtual Memory: 658.71 MB used,  3220.98 MB free, 8388608.00 MB total
[2017.08.16-00.25.51:127][  0]LogInit: Using OS detected language (ru-RU).
[2017.08.16-00.25.51:127][  0]LogInit: Using OS detected locale (ru-RU).
[2017.08.16-00.25.51:285][  0]LogTextLocalizationManager: No localization for 'ru-RU' exists, so 'en' will be used for the language.
[2017.08.16-00.25.51:286][  0]LogTextLocalizationManager: No localization for 'ru-RU' exists, so 'en' will be used for the locale.
[2017.08.16-00.25.53:393][  0]LogD3D11RHI: D3D11 adapters:
[2017.08.16-00.25.53:514][  0]LogD3D11RHI:    0. 'AMD Radeon R9 200 Series' (Feature Level 11_0)
[2017.08.16-00.25.53:514][  0]LogD3D11RHI:       4051/0/3814 MB DedicatedVideo/DedicatedSystem/SharedSystem, Outputs:1, VendorId:0x1002
[2017.08.16-00.25.53:514][  0]LogD3D11RHI: Chosen D3D11 Adapter: 0
[2017.08.16-00.25.53:525][  0]LogD3D11RHI: Creating new Direct3DDevice
[2017.08.16-00.25.53:526][  0]LogD3D11RHI:     GPU DeviceId: 0x6810 (for the marketing name, search the web for "GPU Device Id")
[2017.08.16-00.25.53:526][  0]LogWindows: EnumDisplayDevices:
[2017.08.16-00.25.53:526][  0]LogWindows:    0. 'AMD Radeon R9 200 Series' (P:1 D:1)
[2017.08.16-00.25.53:526][  0]LogWindows:    1. 'AMD Radeon R9 200 Series' (P:0 D:0)
[2017.08.16-00.25.53:526][  0]LogWindows:    2. 'AMD Radeon R9 200 Series' (P:0 D:0)
[2017.08.16-00.25.53:527][  0]LogWindows:    3. 'AMD Radeon R9 200 Series' (P:0 D:0)
[2017.08.16-00.25.53:527][  0]LogWindows:    4. 'AMD Radeon R9 200 Series' (P:0 D:0)
[2017.08.16-00.25.53:527][  0]LogWindows:    5. 'AMD Radeon R9 200 Series' (P:0 D:0)
[2017.08.16-00.25.53:527][  0]LogWindows:    6. 'RDPDD Chained DD' (P:0 D:0)
[2017.08.16-00.25.53:527][  0]LogWindows:    7. 'RDP Encoder Mirror Driver' (P:0 D:0)
[2017.08.16-00.25.53:527][  0]LogWindows:    8. 'RDP Reflector Display Driver' (P:0 D:0)
[2017.08.16-00.25.53:527][  0]LogWindows: DebugString: GetVideoDriverDetailsInvalid PrimaryIsNotTheChoosenAdapter GetVideoDriverDetailsInvalid PrimaryIsNotTheChoosenAdapter GetVideoDriverDetailsInvalid PrimaryIsNotTheChoosenAdapter FoundDriverCount:6 
[2017.08.16-00.25.53:527][  0]LogD3D11RHI:     Adapter Name: AMD Radeon R9 200 Series
[2017.08.16-00.25.53:527][  0]LogD3D11RHI:   Driver Version: Crimson ReLive 17.4.1 (internal:22.19.156.1, unified:22.19.156.1)
[2017.08.16-00.25.53:528][  0]LogD3D11RHI:      Driver Date: 3-31-2017
[2017.08.16-00.25.53:528][  0]LogRHI: Texture pool is 1361 MB (70% of 1945 MB)
[2017.08.16-00.25.53:624][  0]LogD3D11RHI: Async texture creation enabled
[2017.08.16-00.25.53:815][  0]LogD3D11RHI: GPU Timing Frequency: 27.000000 (Debug: 2 1)
[2017.08.16-00.25.53:864][  0]LogShaderCompilers: Guid format shader working directory is -16 characters bigger than the processId version (../../../../../../work/Projects/cubepuzzle/Project/BoxPlease02/Intermediate/Shaders/WorkingDirectory/3032/).
[2017.08.16-00.25.53:864][  0]LogShaderCompilers: Cleaned the shader compiler working directory 'C:/Users/Admin/AppData/Local/Temp/UnrealShaderWorkingDir/537E702F487042E49404AA917EB4C934/'.
[2017.08.16-00.25.53:864][  0]LogShaderCompilers: Display: Using Local Shader Compiler.
[2017.08.16-00.25.56:992][  0]LogTemp: Display: Loaded TP AllDesktopTargetPlatform
[2017.08.16-00.25.57:062][  0]LogTemp: Display: Loaded TP MacClientTargetPlatform
[2017.08.16-00.25.57:130][  0]LogTemp: Display: Loaded TP MacNoEditorTargetPlatform
[2017.08.16-00.25.57:199][  0]LogTemp: Display: Loaded TP MacServerTargetPlatform
[2017.08.16-00.25.57:283][  0]LogTemp: Display: Loaded TP MacTargetPlatform
[2017.08.16-00.25.57:369][  0]LogTemp: Display: Loaded TP WindowsClientTargetPlatform
[2017.08.16-00.25.57:445][  0]LogTemp: Display: Loaded TP WindowsNoEditorTargetPlatform
[2017.08.16-00.25.57:528][  0]LogTemp: Display: Loaded TP WindowsServerTargetPlatform
[2017.08.16-00.25.57:587][  0]LogTemp: Display: Loaded TP WindowsTargetPlatform
[2017.08.16-00.25.57:687][  0]LogTemp: Display: Loaded TP AndroidTargetPlatform
[2017.08.16-00.25.57:775][  0]LogTemp: Display: Loaded TP Android_ASTCTargetPlatform
[2017.08.16-00.25.57:861][  0]LogTemp: Display: Loaded TP Android_ATCTargetPlatform
[2017.08.16-00.25.57:931][  0]LogTemp: Display: Loaded TP Android_DXTTargetPlatform
[2017.08.16-00.25.58:020][  0]LogTemp: Display: Loaded TP Android_ETC1TargetPlatform
[2017.08.16-00.25.58:120][  0]LogTemp: Display: Loaded TP Android_ETC2TargetPlatform
[2017.08.16-00.25.58:291][  0]LogTemp: Display: Loaded TP Android_MultiTargetPlatform
[2017.08.16-00.25.58:291][  0]LogTemp: Display: Loaded TP Android_PVRTCTargetPlatform
[2017.08.16-00.25.58:372][  0]LogTemp: Display: Loaded TP HTML5TargetPlatform
[2017.08.16-00.25.58:549][  0]LogTemp: Display: Loaded TP IOSTargetPlatform
[2017.08.16-00.25.58:601][  0]LogTemp: Display: Loaded TP TVOSTargetPlatform
[2017.08.16-00.25.58:705][  0]LogTemp: Display: Loaded TP LinuxClientTargetPlatform
[2017.08.16-00.25.58:783][  0]LogTemp: Display: Loaded TP LinuxNoEditorTargetPlatform
[2017.08.16-00.25.58:859][  0]LogTemp: Display: Loaded TP LinuxServerTargetPlatform
[2017.08.16-00.25.58:956][  0]LogTemp: Display: Loaded TP LinuxTargetPlatform
[2017.08.16-00.25.58:956][  0]LogTargetPlatformManager: Display: Building Assets For Windows
[2017.08.16-00.26.00:408][  0]LogDerivedDataCache: Display: Max Cache Size: 512 MB
[2017.08.16-00.26.01:019][  0]LogDerivedDataCache: Loaded boot cache 0.61s 93MB C:/Users/Admin/AppData/Local/UnrealEngine/4.17/DerivedDataCache/Boot.ddc.
[2017.08.16-00.26.01:019][  0]LogDerivedDataCache: Display: Loaded Boot cache: C:/Users/Admin/AppData/Local/UnrealEngine/4.17/DerivedDataCache/Boot.ddc
[2017.08.16-00.26.01:019][  0]LogDerivedDataCache: FDerivedDataBackendGraph:  Pak pak cache file ../../../../../../work/Projects/cubepuzzle/Project/BoxPlease02/DerivedDataCache/DDC.ddp not found, will not use a pak cache.
[2017.08.16-00.26.01:019][  0]LogDerivedDataCache: Unable to find inner node Pak for hierarchical cache Hierarchy.
[2017.08.16-00.26.01:019][  0]LogDerivedDataCache: FDerivedDataBackendGraph:  CompressedPak pak cache file ../../../../../../work/Projects/cubepuzzle/Project/BoxPlease02/DerivedDataCache/Compressed.ddp not found, will not use a pak cache.
[2017.08.16-00.26.01:019][  0]LogDerivedDataCache: Unable to find inner node CompressedPak for hierarchical cache Hierarchy.
[2017.08.16-00.26.01:078][  0]LogDerivedDataCache: Display: Pak cache opened for reading ../../../Engine/DerivedDataCache/Compressed.ddp.
[2017.08.16-00.26.01:089][  0]LogDerivedDataCache: Using Local data cache path C:/Users/Admin/AppData/Local/UnrealEngine/Common/DerivedDataCache: Writable
[2017.08.16-00.26.01:122][  0]LogMaterial: Verifying Global Shaders for PCD3D_SM5
[2017.08.16-00.26.01:172][  0]LogSlate: Using Freetype 2.6.0
[2017.08.16-00.26.01:234][  0]LogSlate: SlateFontCache - WITH_FREETYPE: 1, WITH_HARFBUZZ: 1
[2017.08.16-00.26.01:234][  0]LogSlate: SlateFontCache - WITH_FREETYPE: 1, WITH_HARFBUZZ: 1
[2017.08.16-00.26.08:099][  0]LogAssetRegistry: FAssetRegistry took 0.0277 seconds to start up
[2017.08.16-00.26.11:097][  0]LogInit: Selected Device Profile: [Windows]
[2017.08.16-00.26.11:264][  0]LogContentStreaming: Texture pool size is 0.00 MB
[2017.08.16-00.26.15:273][  0]LogSimplygon: Simplygon DLL not present - disabling.
[2017.08.16-00.26.15:480][  0]LogMeshReduction: Using SimplygonSwarm for distributed automatic mesh merging
[2017.08.16-00.26.15:481][  0]LogMeshReduction: Using QuadricMeshReduction for automatic static mesh reduction
[2017.08.16-00.26.15:481][  0]LogMeshReduction: No automatic skeletal mesh reduction module available
[2017.08.16-00.26.15:481][  0]LogMeshReduction: No automatic mesh merging module available
[2017.08.16-00.26.15:481][  0]LogMeshMerging: No automatic mesh merging module available
[2017.08.16-00.26.21:770][  0]LogNetVersion: BoxPlease02 , NetCL: 3573198, EngineNetVer: 2, GameNetVer: 0 (Checksum: 3866475736)
[2017.08.16-00.26.23:382][  0]LogPackageLocalizationCache: Processed 5 localized package path(s) for 1 prioritized culture(s) in 0.058348 seconds
[2017.08.16-00.26.23:389][  0]LogUObjectArray: 35825 objects as part of root set at end of initial load.
[2017.08.16-00.26.23:389][  0]LogUObjectAllocator: 7529112 out of 0 bytes used by permanent object pool.
[2017.08.16-00.26.23:389][  0]LogUObjectArray: CloseDisregardForGC: 0/0 objects in disregard for GC pool
[2017.08.16-00.26.23:505][  0]LogInit: WinSock: version 1.1 (2.2), MaxSocks=32767, MaxUdp=65467
[2017.08.16-00.26.53:327][  0]LogTcpMessaging: Initializing TcpMessaging bridge
[2017.08.16-00.26.53:383][  0]LogUdpMessaging: Initializing bridge on interface 0.0.0.0:0 to multicast group 230.0.0.1:6666.
[2017.08.16-00.26.54:874][  0]LogMaterial: Uniform references updated for custom material expression Custom.
[2017.08.16-00.26.55:602][  0]SourceControl: Source control is disabled
[2017.08.16-00.26.55:602][  0]SourceControl: Source control is disabled
[2017.08.16-00.26.55:782][  0]SourceControl: Source control is disabled
[2017.08.16-00.26.55:918][  0]SourceControl: Source control is disabled
[2017.08.16-00.26.57:119][  0]LogAndroidPermission: UAndroidPermissionCallbackProxy::GetInstance
[2017.08.16-00.26.57:478][  0]LogOcInput: OculusInput pre-init called
[2017.08.16-00.26.58:301][  0]LogEngine: Initializing Engine...
[2017.08.16-00.26.58:331][  0]LogHMD: Failed to initialize OpenVR with code 110
[2017.08.16-00.26.58:752][  0]LogStats: UGameplayTagsManager::ConstructGameplayTagTree: Construct from data asset -  0.000 s
[2017.08.16-00.26.58:764][  0]LogStats: UGameplayTagsManager::ConstructGameplayTagTree: GameplayTagTreeChangedEvent.Broadcast -  0.000 s
[2017.08.16-00.26.59:156][  0]LogAIModule: Creating AISystem for world Untitled
[2017.08.16-00.26.59:216][  0]LogInit: XAudio2 using '1 - DELL U2515H (AMD High Definition Audio Device)' : 2 channels at 48 kHz using 16 bits per sample (channel mask 0x3)
[2017.08.16-00.26.59:278][  0]LogInit: FAudioDevice initialized.
[2017.08.16-00.26.59:464][  0]LogDerivedDataCache: Saved boot cache 0.19s 93MB C:/Users/Admin/AppData/Local/UnrealEngine/4.17/DerivedDataCache/Boot.ddc.
[2017.08.16-00.26.59:499][  0]LogInit: Texture streaming: Enabled
[2017.08.16-00.26.59:725][  0]LogEngineSessionManager: EngineSessionManager initialized
[2017.08.16-00.27.00:570][  0]LogInit: Transaction tracking system initialized
[2017.08.16-00.27.01:292][  0]BlueprintLog: New page: Editor Load
[2017.08.16-00.27.03:491][  0]LocalizationService: Localization service is disabled
[2017.08.16-00.27.05:207][  0]LogConsoleResponse: Display: 
[2017.08.16-00.27.06:419][  0]LogFileCache: Scanning file cache for directory 'C:/work/Projects/cubepuzzle/Project/BoxPlease02/Content/' took 0.01s
[2017.08.16-00.27.06:419][  0]LogCook: Display: Max memory allowance for cook 16384mb min free memory 0mb
[2017.08.16-00.27.06:419][  0]LogCook: Display: Mobile HDR setting 1
[2017.08.16-00.27.06:428][  0]LogGameplayTags: Display: UGameplayTagsManager::DoneAddingNativeTags. DelegateIsBound: 0
[2017.08.16-00.27.09:587][  0]SourceControl: Source control is disabled
[2017.08.16-00.27.09:624][  0]Cmd: MAP LOAD FILE="../../../../../../work/Projects/cubepuzzle/Project/BoxPlease02/Content/Map/MainLevelRoom.umap" TEMPLATE=0 SHOWPROGRESS=1 FEATURELEVEL=3
[2017.08.16-00.27.09:635][  0]LightingResults: New page: Lighting Build
[2017.08.16-00.27.09:742][  0]MapCheck: New page: Map Check
[2017.08.16-00.27.09:742][  0]LightingResults: New page: Lighting Build
[2017.08.16-00.27.10:571][  0]LogMaterial: Missing cached shader map for material M_MainColor, compiling. 
[2017.08.16-00.27.11:551][  0]LogTexture: Display: Building textures: HQ_Lightmap0_2 (AutoDXT, 64X64)
[2017.08.16-00.27.11:551][  0]LogTexture: Display: Building textures: LQ_Lightmap_0_2 (DXT1, 64X64)
[2017.08.16-00.27.11:551][  0]LogTexture: Display: Building textures: HQ_Lightmap1_1 (AutoDXT, 1024X1024)
[2017.08.16-00.27.11:551][  0]LogTexture: Display: Building textures: LQ_Lightmap_1_1 (DXT1, 1024X1024)
[2017.08.16-00.27.11:551][  0]LogTexture: Display: Building textures: ShadowMapTexture2D_8 (BGRA8, 1024X512)
[2017.08.16-00.27.11:580][  0]LogAIModule: Creating AISystem for world MainLevelRoom
[2017.08.16-00.27.11:592][  0]LogActorComponent: RegisterComponentWithWorld: (/Game/Map/MainLevelRoom.MainLevelRoom:PersistentLevel.WorldSettings_1.StaticMeshComponent0) Trying to register component with IsPendingKill() == true. Aborting.
[2017.08.16-00.27.12:078][  0]LogEditorServer: Finished looking for orphan Actors (0.000 secs)
[2017.08.16-00.27.12:282][  0]Cmd: MAP CHECKDEP NOCLEARLOG
[2017.08.16-00.27.12:353][  0]MapCheck: Map check complete: 0 Error(s), 0 Warning(s), took 70.289ms to complete.
[2017.08.16-00.27.12:372][  0]LogFileHelpers: Loading map 'MainLevelRoom' took 2.748
[2017.08.16-00.27.13:653][  0]LogCollectionManager: Loaded 0 collections in 0.001513 seconds
[2017.08.16-00.27.14:041][  0]LogFileCache: Scanning file cache for directory 'C:/work/Projects/cubepuzzle/Project/BoxPlease02/Saved/Collections/' took 0.01s
[2017.08.16-00.27.14:041][  0]LogFileCache: Scanning file cache for directory 'C:/work/Projects/cubepuzzle/Project/BoxPlease02/Content/Developers/Admin/Collections/' took 0.01s
[2017.08.16-00.27.14:041][  0]LogFileCache: Scanning file cache for directory 'C:/work/Projects/cubepuzzle/Project/BoxPlease02/Content/Collections/' took 0.01s
[2017.08.16-00.27.14:041][  0]LogCollectionManager: Rebuilt the GUID cache for 0 collections in 0.000000 seconds
[2017.08.16-00.27.14:090][  0]LogContentBrowser: Native class hierarchy populated in 0.0424 seconds. Added 2386 classes and 500 folders.
[2017.08.16-00.27.14:305][  0]LogContentBrowser: Native class hierarchy updated for 'WidgetCarousel' in 0.0013 seconds. Added 0 classes and 0 folders.
[2017.08.16-00.27.15:693][  0]LogContentBrowser: Native class hierarchy updated for 'AddContentDialog' in 0.0008 seconds. Added 0 classes and 0 folders.
[2017.08.16-00.27.16:834][  0]LogContentBrowser: Native class hierarchy updated for 'SceneOutliner' in 0.0014 seconds. Added 1 classes and 2 folders.
[2017.08.16-00.27.17:542][  0]LogSlate: Took 0.020825 seconds to synchronously load lazily loaded font '../../../Engine/Content/Slate/Fonts/Roboto-Regular.ttf' (155K)
[2017.08.16-00.27.17:563][  0]LogSlate: Took 0.017861 seconds to synchronously load lazily loaded font '../../../Engine/Content/Slate/Fonts/Roboto-Bold.ttf' (160K)
[2017.08.16-00.27.17:583][  0]LogSlate: Took 0.017729 seconds to synchronously load lazily loaded font '../../../Engine/Content/Editor/Slate/Fonts/FontAwesome.ttf' (139K)
[2017.08.16-00.27.17:851][  0]LogRenderer: Reallocating scene render targets to support 1616x1284 Format 10 NumSamples 1 (Frame:1).
[2017.08.16-00.27.18:580][  0]LogContentBrowser: Native class hierarchy updated for 'HierarchicalLODOutliner' in 0.0008 seconds. Added 1 classes and 2 folders.
[2017.08.16-00.27.18:580][  0]LogLoad: (Engine Initialization) Total time: 101.53 seconds
[2017.08.16-00.27.18:580][  0]LogLoad: (Engine Initialization) Total Blueprint compile time: 0.00 seconds
[2017.08.16-00.27.18:580][  0]LogExternalProfiler: Found external profiler: VSPerf
[2017.08.16-00.27.18:580][  0]LogExternalProfiler: Using external profiler: VSPerf
[2017.08.16-00.27.18:967][  0]LogContentStreaming: Texture pool size now 1000 MB
[2017.08.16-00.27.19:941][  3]LogAssetRegistry: Asset discovery search completed in 71.8608 seconds
[2017.08.16-00.27.19:959][  3]LogCollectionManager: Rebuilt the object cache for 0 collections in 0.000000 seconds (found 0 objects)
[2017.08.16-00.27.19:959][  3]LogCollectionManager: Fixed up redirectors for 0 collections in 0.000087 seconds (updated 0 objects)
[2017.08.16-00.28.26:950][121]LogTemp: Repeating last play command: Selected Viewport
[2017.08.16-00.28.27:136][121]LogPlayLevel: PlayLevel: No blueprints needed recompiling
[2017.08.16-00.28.27:160][121]PIE: New page: PIE session: MainLevelRoom (Aug 16, 2017, 6:28:27 AM)
[2017.08.16-00.28.27:173][121]LogPlayLevel: Creating play world package: /Game/Map/UEDPIE_0_MainLevelRoom
[2017.08.16-00.28.27:188][121]LogPlayLevel: PIE: StaticDuplicateObject took: (0.014302s)
[2017.08.16-00.28.27:189][121]LogAIModule: Creating AISystem for world MainLevelRoom
[2017.08.16-00.28.27:189][121]LogPlayLevel: PIE: World Init took: (0.001208s)
[2017.08.16-00.28.27:200][121]LogPlayLevel: PIE: Created PIE world by copying editor world from /Game/Map/MainLevelRoom.MainLevelRoom to /Game/Map/UEDPIE_0_MainLevelRoom.MainLevelRoom (0.026956s)
[2017.08.16-00.28.27:233][121]LogInit: XAudio2 using '1 - DELL U2515H (AMD High Definition Audio Device)' : 2 channels at 48 kHz using 16 bits per sample (channel mask 0x3)
[2017.08.16-00.28.27:240][121]LogInit: FAudioDevice initialized.
[2017.08.16-00.28.27:308][121]LogLoad: Game class is 'BP_MainGameMode_C'
[2017.08.16-00.28.27:419][121]LogWorld: Bringing World /Game/Map/UEDPIE_0_MainLevelRoom.MainLevelRoom up for play (max tick rate 0) at 2017.08.16-03.28.27
[2017.08.16-00.28.27:449][121]LogWorld: Bringing up level for play took: 0.039820
[2017.08.16-00.28.27:662][121]LogContentBrowser: Native class hierarchy updated for 'MovieSceneCapture' in 0.0013 seconds. Added 11 classes and 0 folders.
[2017.08.16-00.28.27:662][121]LogGameMode: Display: Match State Changed from EnteringMap to WaitingToStart
[2017.08.16-00.28.27:662][121]LogGameState: Match State Changed from EnteringMap to WaitingToStart
[2017.08.16-00.28.27:662][121]LogGameMode: Display: Match State Changed from WaitingToStart to InProgress
[2017.08.16-00.28.27:719][121]LogGameState: Match State Changed from WaitingToStart to InProgress
[2017.08.16-00.28.27:719][121]PIE: Play in editor start time for /Game/Map/UEDPIE_0_MainLevelRoom 0.099
[2017.08.16-00.28.52:843][552]MapCheck: New page: Map Check
[2017.08.16-00.28.52:910][552]Cmd: MAP REBUILD ALLVISIBLE
[2017.08.16-00.28.52:910][552]LogEditorServer: Rebuildmap Clear paths rebuilt
[2017.08.16-00.28.53:088][552]LogMaterial: Missing cached shader map for material FDebugViewModeMaterialProxy WorldGridMaterial, compiling. Is special engine material.
[2017.08.16-00.28.53:098][552]LogMaterial: Missing cached shader map for material FDebugViewModeMaterialProxy DefaultMaterial, compiling. 
[2017.08.16-00.28.53:105][552]LogMaterial: Missing cached shader map for material FDebugViewModeMaterialProxy MaterialInstanceDynamic_1, compiling. 
[2017.08.16-00.28.53:120][552]LogMaterial: Missing cached shader map for material FDebugViewModeMaterialProxy BasicShapeMaterial, compiling. 
[2017.08.16-00.28.53:130][552]LogMaterial: Missing cached shader map for material FDebugViewModeMaterialProxy M_MainColor, compiling. 
[2017.08.16-00.28.53:142][552]LogMaterial: Missing cached shader map for material FDebugViewModeMaterialProxy DefaultTextMaterialOpaque, compiling. 
[2017.08.16-00.28.53:156][552]LogMaterial: Missing cached shader map for material FDebugViewModeMaterialProxy MatineeCam_mat, compiling. 
[2017.08.16-00.28.53:924][552]TextureStreamingBuild: Display: Compiling optional shaders took 0.866 seconds.
[2017.08.16-00.28.53:973][552]LogLevel: Display: Export Material TexCoord Scales took 0.049 seconds.
[2017.08.16-00.28.53:994][552]TextureStreamingBuild: Display: Build Texture Streaming took 0.021 seconds.
[2017.08.16-00.28.54:029][552]LightingResults: New page: Lighting Build - Aug 16, 2017, 6:28:54 AM
[2017.08.16-00.28.54:181][552]LogSwarmInterface: [OpenConnection] Registering TCP channel ...
[2017.08.16-00.28.54:535][552]LogSwarmInterface: [OpenConnection] Connecting to agent ...
[2017.08.16-00.28.54:789][552]LogSwarmInterface: [TryOpenConnection] Testing the Agent
[2017.08.16-00.28.57:194][552]LogSwarmInterface: [TryOpenConnection] Opening Connection to Agent
[2017.08.16-00.28.57:194][552]LogSwarmInterface: [TryOpenConnection] Local Process ID is 3032
[2017.08.16-00.29.02:664][552]LogStaticLightingSystem: Warning: No importance volume found, so the scene bounding box was used.  You can optimize your scene's quality and lighting build times by adding importance volumes.
[2017.08.16-00.29.02:684][552]LogStaticLightingSystem: Running Lightmass w/ ImmediateImport mode ENABLED
[2017.08.16-00.29.02:684][552]LogStaticLightingSystem: Running Lightmass w/ ImmediateProcess mode ENABLED
[2017.08.16-00.29.02:684][552]LogStaticLightingSystem: Running Lightmass w/ Sorting mode ENABLED
[2017.08.16-00.29.02:684][552]LogStaticLightingSystem: Running Lightmass w/ Mapping paddings ENABLED
[2017.08.16-00.29.02:684][552]LogStaticLightingSystem: Running Lightmass w/ Mapping debug paddings DISABLED
[2017.08.16-00.29.03:332][552]Cmd: MAP CHECK DONTDISPLAYDIALOG
[2017.08.16-00.29.03:332][552]MapCheck: New page: MainLevelRoom - Aug 16, 2017, 6:29:03 AM
[2017.08.16-00.29.03:367][552]MapCheck: Error: WorldSettings_1 Maps need lighting rebuilt 
[2017.08.16-00.29.03:423][552]MapCheck: Map check complete: 1 Error(s), 0 Warning(s), took 90.996ms to complete.
[2017.08.16-00.29.03:444][552]LogEditorBuildUtils: Build time 0:10
[2017.08.16-00.29.03:694][553]LogMaterial: Missing cached shader map for material FLightmassMaterialRenderer BasicShapeMaterial, compiling. 
[2017.08.16-00.29.03:726][553]LogMaterial: Missing cached shader map for material FLightmassMaterialRenderer BasicShapeMaterial, compiling. 
[2017.08.16-00.29.03:776][554]LogMaterial: Missing cached shader map for material FLightmassMaterialRenderer M_MainColor, compiling. 
[2017.08.16-00.29.03:785][554]LogMaterial: Missing cached shader map for material FLightmassMaterialRenderer M_MainColor, compiling. 
[2017.08.16-00.29.11:732][843]Job is a success!
[2017.08.16-00.29.11:801][844]LogSlate: Took 0.011028 seconds to synchronously load lazily loaded font '../../../Engine/Content/Slate/Fonts/Roboto-Light.ttf' (159K)
[2017.08.16-00.29.12:811][844]LogTexture: Display: Building textures: HQ_Lightmap0_1 (AutoDXT, 1024X1024)
[2017.08.16-00.29.12:811][844]LogTexture: Display: Building textures: LQ_Lightmap_0_1 (DXT1, 1024X1024)
[2017.08.16-00.29.12:811][844]LogTexture: Display: Building textures: HQ_Lightmap0_2 (AutoDXT, 64X64)
[2017.08.16-00.29.12:811][844]LogTexture: Display: Building textures: LQ_Lightmap_0_2 (DXT1, 64X64)
[2017.08.16-00.29.12:928][844]LogTexture: Display: Building textures: ShadowMapTexture2D_0 (BGRA8, 1024X256)
[2017.08.16-00.29.13:202][844]Lightmass on USER-PC: 6.77 sec total, 201 ms importing, 22 ms setup, 1.03 sec photons, 5.48 sec processing, 0 ms extra exporting [59/59 mappings]. Threads: 21.8 sec total, 12.4 sec processing.
[2017.08.16-00.29.13:250][844]LogStaticLightingSystem: Illumination: 19.1 sec (841 ms encoding lightmaps, 105 ms encoding shadowmaps)
[2017.08.16-00.29.13:250][844]LogStaticLightingSystem: Lightmap texture memory:  2.0 MB (2.0 MB streaming, 0.0 MB non-streaming), 4 textures
[2017.08.16-00.29.13:250][844]LogStaticLightingSystem: Shadowmap texture memory: 1.3 MB (1.3 MB streaming, 0.0 MB non-streaming), 1 textures
[2017.08.16-00.29.13:623][844]DumpUnbuiltLightIteractions
[2017.08.16-00.29.13:623][844]Lights with unbuilt interactions: 0
[2017.08.16-00.29.13:623][844]
[2017.08.16-00.29.13:623][844]Primitives with unbuilt interactions: 0
[2017.08.16-00.29.13:637][845]Cmd: MAP CHECK NOTIFYRESULTS
[2017.08.16-00.29.13:637][845]MapCheck: New page: MainLevelRoom - Aug 16, 2017, 6:29:13 AM
[2017.08.16-00.29.13:703][845]MapCheck: Map check complete: 0 Error(s), 0 Warning(s), took 66.678ms to complete.
[2017.08.16-00.29.33:838][955]LogTemp: Repeating last play command: Selected Viewport
[2017.08.16-00.29.33:852][955]LogPlayLevel: PlayLevel: No blueprints needed recompiling
[2017.08.16-00.29.33:853][955]PIE: New page: PIE session: MainLevelRoom (Aug 16, 2017, 6:29:33 AM)
[2017.08.16-00.29.33:853][955]LogPlayLevel: Creating play world package: /Game/Map/UEDPIE_0_MainLevelRoom
[2017.08.16-00.29.33:860][955]LogPlayLevel: PIE: StaticDuplicateObject took: (0.007765s)
[2017.08.16-00.29.33:862][955]LogAIModule: Creating AISystem for world MainLevelRoom
[2017.08.16-00.29.33:862][955]LogPlayLevel: PIE: World Init took: (0.001464s)
[2017.08.16-00.29.33:862][955]LogPlayLevel: PIE: Created PIE world by copying editor world from /Game/Map/MainLevelRoom.MainLevelRoom to /Game/Map/UEDPIE_0_MainLevelRoom.MainLevelRoom (0.009664s)
[2017.08.16-00.29.33:886][955]LogInit: XAudio2 using '1 - DELL U2515H (AMD High Definition Audio Device)' : 2 channels at 48 kHz using 16 bits per sample (channel mask 0x3)
[2017.08.16-00.29.33:893][955]LogInit: FAudioDevice initialized.
[2017.08.16-00.29.33:925][955]LogLoad: Game class is 'BP_MainGameMode_C'
[2017.08.16-00.29.33:929][955]LogWorld: Bringing World /Game/Map/UEDPIE_0_MainLevelRoom.MainLevelRoom up for play (max tick rate 0) at 2017.08.16-03.29.33
[2017.08.16-00.29.33:929][955]LogWorld: Bringing up level for play took: 0.003660
[2017.08.16-00.29.33:930][955]LogGameMode: Display: Match State Changed from EnteringMap to WaitingToStart
[2017.08.16-00.29.33:930][955]LogGameState: Match State Changed from EnteringMap to WaitingToStart
[2017.08.16-00.29.33:930][955]LogGameMode: Display: Match State Changed from WaitingToStart to InProgress
[2017.08.16-00.29.33:931][955]LogGameState: Match State Changed from WaitingToStart to InProgress
[2017.08.16-00.29.33:931][955]PIE: Play in editor start time for /Game/Map/UEDPIE_0_MainLevelRoom 0.31
[2017.08.16-00.38.50:730][407]LogSlate: Took 0.000330 seconds to synchronously load lazily loaded font '../../../Engine/Content/Slate/Fonts/Roboto-Light.ttf' (159K)
[2017.08.16-00.39.00:285][435]LogSavePackage: Save=159.20ms
[2017.08.16-00.39.00:286][435]LogSavePackage: Moving '../../../../../../work/Projects/cubepuzzle/Project/BoxPlease02/Saved/MainLevelRoom_Auto102E2B6F943EF0626DBF11A8B0C10B502.tmp' to '../../../../../../work/Projects/cubepuzzle/Project/BoxPlease02/Saved/Autosaves/Game/Map/MainLevelRoom_Auto1.umap'
[2017.08.16-00.39.00:286][435]LogSavePackage: Display: Finished SavePackage ../../../../../../work/Projects/cubepuzzle/Project/BoxPlease02/Saved/Autosaves/Game/Map/MainLevelRoom_Auto1.umap
[2017.08.16-00.39.00:288][435]LogFileHelpers: Editor autosave (incl. sublevels) for '/Game/Map/MainLevelRoom' took 0.204
[2017.08.16-00.39.00:288][435]LogFileHelpers: Editor autosave (incl. sublevels) for all levels took 0.204
[2017.08.16-00.39.00:291][435]OBJ SavePackage: Generating thumbnails for [0] asset(s) in package [/Game/Map/MainLevelRoom_BuiltData] ([1] browsable assets)...
[2017.08.16-00.39.00:291][435]OBJ SavePackage: Finished generating thumbnails for package [/Game/Map/MainLevelRoom_BuiltData]
[2017.08.16-00.39.00:330][435]LogSavePackage: Save=37.72ms
[2017.08.16-00.39.00:330][435]LogSavePackage: Moving '../../../../../../work/Projects/cubepuzzle/Project/BoxPlease02/Saved/MainLevelRoom_BuiltData_Auto1479E7B0F473E000C260894B663BAF8FF.tmp' to '../../../../../../work/Projects/cubepuzzle/Project/BoxPlease02/Saved/Autosaves/Game/Map/MainLevelRoom_BuiltData_Auto1.uasset'
[2017.08.16-00.39.00:330][435]LogSavePackage: Display: Finished SavePackage ../../../../../../work/Projects/cubepuzzle/Project/BoxPlease02/Saved/Autosaves/Game/Map/MainLevelRoom_BuiltData_Auto1.uasset
[2017.08.16-00.39.00:330][435]LogFileHelpers: Auto-saving content packages took 0.041
[2017.08.17-00.10.15:527][566]LogHttp: Warning: 00000000447B5780: request failed, libcurl error: 6 (Couldn't resolve host name)
[2017.08.17-00.10.15:527][566]LogHttp: Warning: 00000000447B5780: libcurl info message cache 0 (Connection 2 seems to be dead!)
[2017.08.17-00.10.15:527][566]LogHttp: Warning: 00000000447B5780: libcurl info message cache 1 (Closing connection 2)
[2017.08.17-00.10.15:527][566]LogHttp: Warning: 00000000447B5780: libcurl info message cache 2 (Could not resolve host: datarouter.ol.epicgames.com)
[2017.08.17-00.10.15:527][566]LogHttp: Warning: 00000000447B5780: libcurl info message cache 3 (Closing connection 3)
[2017.08.17-00.39.07:454][ 76]Cmd: QUIT_EDITOR
[2017.08.17-00.39.08:021][ 76]LogExit: Preparing to exit.
[2017.08.17-00.39.09:178][ 76]LogDirectoryWatcher: A directory notification for 'C:/work/Projects/cubepuzzle/Project/BoxPlease02/Content/' was aborted.
[2017.08.17-00.39.09:340][ 76]LogExit: Editor shut down
[2017.08.17-00.39.09:350][ 76]LogExit: Transaction tracking system shut down
[2017.08.17-00.39.09:614][ 76]LogDirectoryWatcher: A directory notification for '../../../Engine/Content/' was aborted.
[2017.08.17-00.39.09:614][ 76]LogDirectoryWatcher: A directory notification for '../../../../../../work/Projects/cubepuzzle/Project/BoxPlease02/Content/' was aborted.
[2017.08.17-00.39.09:614][ 76]LogDirectoryWatcher: A directory notification for '../../../Engine/Plugins/2D/Paper2D/Content/' was aborted.
[2017.08.17-00.39.09:614][ 76]LogDirectoryWatcher: A directory notification for '../../../Engine/Plugins/Runtime/Oculus/OculusVR/Content/' was aborted.
[2017.08.17-00.39.09:614][ 76]LogDirectoryWatcher: A directory notification for '../../../Engine/Plugins/Runtime/Steam/SteamVR/Content/' was aborted.
[2017.08.17-00.39.11:510][ 76]LogExit: Object subsystem successfully closed.
[2017.08.17-00.39.11:709][ 76]LogD3D11RHI: Shutdown
[2017.08.17-00.39.11:720][ 76]LogD3D11RHI: CleanupD3DDevice
[2017.08.17-00.39.11:803][ 76]LogD3D11RHI: ~FD3D11DynamicRHI
[2017.08.17-00.39.13:003][ 76]LogModuleManager: Shutting down and abandoning module HierarchicalLODUtilities (534)
[2017.08.17-00.39.13:015][ 76]LogModuleManager: Shutting down and abandoning module MovieSceneCapture (532)
[2017.08.17-00.39.13:015][ 76]LogModuleManager: Shutting down and abandoning module HierarchicalLODOutliner (530)
[2017.08.17-00.39.13:015][ 76]LogModuleManager: Shutting down and abandoning module SceneOutliner (528)
[2017.08.17-00.39.13:028][ 76]LogModuleManager: Shutting down and abandoning module AddContentDialog (526)
[2017.08.17-00.39.13:045][ 76]LogDirectoryWatcher: A directory notification for 'C:/Program Files/Epic Games/UE_4.17/FeaturePacks/' was aborted.
[2017.08.17-00.39.13:058][ 76]LogModuleManager: Shutting down and abandoning module WidgetCarousel (525)
[2017.08.17-00.39.13:058][ 76]LogModuleManager: Shutting down and abandoning module EditorWidgets (522)
[2017.08.17-00.39.13:058][ 76]LogModuleManager: Shutting down and abandoning module CollectionManager (520)
[2017.08.17-00.39.13:076][ 76]LogDirectoryWatcher: A directory notification for 'C:/work/Projects/cubepuzzle/Project/BoxPlease02/Content/Collections/' was aborted.
[2017.08.17-00.39.13:076][ 76]LogDirectoryWatcher: A directory notification for 'C:/work/Projects/cubepuzzle/Project/BoxPlease02/Content/Developers/Admin/Collections/' was aborted.
[2017.08.17-00.39.13:076][ 76]LogDirectoryWatcher: A directory notification for 'C:/work/Projects/cubepuzzle/Project/BoxPlease02/Saved/Collections/' was aborted.
[2017.08.17-00.39.13:076][ 76]LogModuleManager: Shutting down and abandoning module StatsViewer (518)
[2017.08.17-00.39.13:084][ 76]LogModuleManager: Shutting down and abandoning module FoliageEdit (516)
[2017.08.17-00.39.13:084][ 76]LogModuleManager: Shutting down and abandoning module LandscapeEditor (514)
[2017.08.17-00.39.13:117][ 76]LogModuleManager: Shutting down and abandoning module MeshPaintMode (512)
[2017.08.17-00.39.13:117][ 76]LogModuleManager: Shutting down and abandoning module SceneDepthPickerMode (510)
[2017.08.17-00.39.13:117][ 76]LogModuleManager: Shutting down and abandoning module ActorPickerMode (508)
[2017.08.17-00.39.13:117][ 76]LogModuleManager: Shutting down and abandoning module GeometryMode (506)
[2017.08.17-00.39.13:117][ 76]LogModuleManager: Shutting down and abandoning module TextureAlignMode (504)
[2017.08.17-00.39.13:117][ 76]LogModuleManager: Shutting down and abandoning module BspMode (502)
[2017.08.17-00.39.13:126][ 76]LogModuleManager: Shutting down and abandoning module PIEPreviewDeviceProfileSelector (500)
[2017.08.17-00.39.13:126][ 76]LogModuleManager: Shutting down and abandoning module HardwareSurvey (498)
[2017.08.17-00.39.13:126][ 76]LogModuleManager: Shutting down and abandoning module SequenceRecorderSections (496)
[2017.08.17-00.39.13:136][ 76]LogModuleManager: Shutting down and abandoning module AutomationWorker (494)
[2017.08.17-00.39.13:151][ 76]LogModuleManager: Shutting down and abandoning module MatineeToLevelSequence (492)
[2017.08.17-00.39.13:167][ 76]LogModuleManager: Shutting down and abandoning module LevelSequenceEditor (490)
[2017.08.17-00.39.13:202][ 76]LogModuleManager: Shutting down and abandoning module PlacementMode (489)
[2017.08.17-00.39.13:202][ 76]LogModuleManager: Shutting down and abandoning module WmfMediaFactory (486)
[2017.08.17-00.39.13:202][ 76]LogModuleManager: Shutting down and abandoning module WmfMediaEditor (484)
[2017.08.17-00.39.13:202][ 76]LogModuleManager: Shutting down and abandoning module AvfMediaFactory (482)
[2017.08.17-00.39.13:202][ 76]LogModuleManager: Shutting down and abandoning module AvfMediaEditor (480)
[2017.08.17-00.39.13:202][ 76]LogModuleManager: Shutting down and abandoning module AndroidMediaFactory (478)
[2017.08.17-00.39.13:202][ 76]LogModuleManager: Shutting down and abandoning module Media (477)
[2017.08.17-00.39.13:202][ 76]LogModuleManager: Shutting down and abandoning module AndroidMediaEditor (474)
[2017.08.17-00.39.13:202][ 76]LogModuleManager: Shutting down and abandoning module CharacterAI (472)
[2017.08.17-00.39.13:202][ 76]LogModuleManager: Shutting down and abandoning module AudioCapture (470)
[2017.08.17-00.39.13:202][ 76]LogModuleManager: Shutting down and abandoning module SequenceRecorder (469)
[2017.08.17-00.39.13:216][ 76]LogModuleManager: Shutting down and abandoning module SmartSnapping (466)
[2017.08.17-00.39.13:216][ 76]LogModuleManager: Shutting down and abandoning module SessionServices (464)
[2017.08.17-00.39.13:217][ 76]LogModuleManager: Shutting down and abandoning module ViewportSnapping (462)
[2017.08.17-00.39.13:217][ 76]LogModuleManager: Shutting down and abandoning module ViewportInteraction (460)
[2017.08.17-00.39.13:217][ 76]LogModuleManager: Shutting down and abandoning module ClothPainter (458)
[2017.08.17-00.39.13:244][ 76]LogModuleManager: Shutting down and abandoning module LogVisualizer (456)
[2017.08.17-00.39.13:264][ 76]LogModuleManager: Shutting down and abandoning module IntroTutorials (454)
[2017.08.17-00.39.13:294][ 76]LogModuleManager: Shutting down and abandoning module GameProjectGeneration (453)
[2017.08.17-00.39.13:314][ 76]LogModuleManager: Shutting down and abandoning module IOSPlatformEditor (450)
[2017.08.17-00.39.13:314][ 76]LogModuleManager: Shutting down and abandoning module HTML5PlatformEditor (448)
[2017.08.17-00.39.13:314][ 76]LogModuleManager: Shutting down and abandoning module AndroidPlatformEditor (446)
[2017.08.17-00.39.13:314][ 76]LogModuleManager: Shutting down and abandoning module AndroidDeviceDetection (445)
[2017.08.17-00.39.13:608][ 76]LogModuleManager: Shutting down and abandoning module WindowsPlatformEditor (442)
[2017.08.17-00.39.13:608][ 76]LogModuleManager: Shutting down and abandoning module IOSRuntimeSettings (440)
[2017.08.17-00.39.13:608][ 76]LogModuleManager: Shutting down and abandoning module AndroidRuntimeSettings (438)
[2017.08.17-00.39.13:608][ 76]LogModuleManager: Shutting down and abandoning module InputBindingEditor (436)
[2017.08.17-00.39.13:635][ 76]LogModuleManager: Shutting down and abandoning module MergeActors (434)
[2017.08.17-00.39.13:648][ 76]LogModuleManager: Shutting down and abandoning module SizeMap (432)
[2017.08.17-00.39.13:648][ 76]LogModuleManager: Shutting down and abandoning module TreeMap (430)
[2017.08.17-00.39.13:667][ 76]LogModuleManager: Shutting down and abandoning module ReferenceViewer (428)
[2017.08.17-00.39.13:667][ 76]LogModuleManager: Shutting down and abandoning module LocalizationDashboard (426)
[2017.08.17-00.39.13:674][ 76]LogModuleManager: Shutting down and abandoning module LocalizationService (425)
[2017.08.17-00.39.13:689][ 76]LogModuleManager: Shutting down and abandoning module HardwareTargeting (422)
[2017.08.17-00.39.13:689][ 76]LogModuleManager: Shutting down and abandoning module DeviceProfileEditor (420)
[2017.08.17-00.39.13:704][ 76]LogModuleManager: Shutting down and abandoning module UndoHistory (418)
[2017.08.17-00.39.13:704][ 76]LogModuleManager: Shutting down and abandoning module XmlParser (416)
[2017.08.17-00.39.13:719][ 76]LogModuleManager: Shutting down and abandoning module Blutility (414)
[2017.08.17-00.39.13:719][ 76]LogModuleManager: Shutting down and abandoning module ProjectSettingsViewer (412)
[2017.08.17-00.39.13:719][ 76]LogModuleManager: Shutting down and abandoning module ProjectTargetPlatformEditor (411)
[2017.08.17-00.39.13:719][ 76]LogModuleManager: Shutting down and abandoning module EditorSettingsViewer (408)
[2017.08.17-00.39.13:719][ 76]LogModuleManager: Shutting down and abandoning module SettingsEditor (406)
[2017.08.17-00.39.13:741][ 76]LogModuleManager: Shutting down and abandoning module ProjectLauncher (404)
[2017.08.17-00.39.13:752][ 76]LogModuleManager: Shutting down and abandoning module SessionFrontend (402)
[2017.08.17-00.39.13:761][ 76]LogModuleManager: Shutting down and abandoning module ProfilerClient (400)
[2017.08.17-00.39.13:777][ 76]LogModuleManager: Shutting down and abandoning module DeviceManager (398)
[2017.08.17-00.39.13:798][ 76]LogModuleManager: Shutting down and abandoning module TargetDeviceServices (397)
[2017.08.17-00.39.13:838][ 76]LogModuleManager: Shutting down and abandoning module AutomationController (394)
[2017.08.17-00.39.13:860][ 76]LogModuleManager: Shutting down and abandoning module AutomationWindow (392)
[2017.08.17-00.39.13:886][ 76]LogModuleManager: Shutting down and abandoning module Layers (390)
[2017.08.17-00.39.13:906][ 76]LogModuleManager: Shutting down and abandoning module ComponentVisualizers (388)
[2017.08.17-00.39.13:906][ 76]LogModuleManager: Shutting down and abandoning module DetailCustomizations (386)
[2017.08.17-00.39.13:932][ 76]LogModuleManager: Shutting down and abandoning module PackagesDialog (384)
[2017.08.17-00.39.13:932][ 76]LogModuleManager: Shutting down and abandoning module Persona (382)
[2017.08.17-00.39.13:998][ 76]LogModuleManager: Shutting down and abandoning module AdvancedPreviewScene (381)
[2017.08.17-00.39.13:998][ 76]LogModuleManager: Shutting down and abandoning module AnimGraph (379)
[2017.08.17-00.39.14:012][ 76]LogModuleManager: Shutting down and abandoning module Kismet (376)
[2017.08.17-00.39.14:041][ 76]LogModuleManager: Shutting down and abandoning module ClassViewer (374)
[2017.08.17-00.39.14:041][ 76]LogModuleManager: Shutting down and abandoning module Toolbox (372)
[2017.08.17-00.39.14:041][ 76]LogModuleManager: Shutting down and abandoning module ModuleUI (370)
[2017.08.17-00.39.14:050][ 76]LogModuleManager: Shutting down and abandoning module MovieSceneTools (368)
[2017.08.17-00.39.14:099][ 76]LogModuleManager: Shutting down and abandoning module OutputLog (366)
[2017.08.17-00.39.14:114][ 76]LogModuleManager: Shutting down and abandoning module GammaUI (364)
[2017.08.17-00.39.14:131][ 76]LogModuleManager: Shutting down and abandoning module Documentation (362)
[2017.08.17-00.39.14:131][ 76]LogModuleManager: Shutting down and abandoning module MovieSceneTracks (360)
[2017.08.17-00.39.14:131][ 76]LogModuleManager: Shutting down and abandoning module MovieScene (358)
[2017.08.17-00.39.14:131][ 76]LogModuleManager: Shutting down and abandoning module Niagara (356)
[2017.08.17-00.39.14:131][ 76]LogModuleManager: Shutting down and abandoning module NiagaraEditor (355)
[2017.08.17-00.39.14:155][ 76]LogModuleManager: Shutting down and abandoning module StreamingPauseRendering (352)
[2017.08.17-00.39.14:155][ 76]LogModuleManager: Shutting down and abandoning module LauncherPlatform (350)
[2017.08.17-00.39.14:155][ 76]LogModuleManager: Shutting down and abandoning module AnalyticsET (348)
[2017.08.17-00.39.14:155][ 76]LogModuleManager: Shutting down and abandoning module PortalServices (346)
[2017.08.17-00.39.14:155][ 76]LogModuleManager: Shutting down and abandoning module PortalRpc (344)
[2017.08.17-00.39.14:155][ 76]LogModuleManager: Shutting down and abandoning module MessagingRpc (342)
[2017.08.17-00.39.14:155][ 76]LogModuleManager: Shutting down and abandoning module AIModule (340)
[2017.08.17-00.39.14:155][ 76]LogModuleManager: Shutting down and abandoning module GameplayDebugger (339)
[2017.08.17-00.39.14:155][ 76]LogModuleManager: Shutting down and abandoning module AITestSuite (337)
[2017.08.17-00.39.14:173][ 76]LogModuleManager: Shutting down and abandoning module ProfilerService (334)
[2017.08.17-00.39.14:346][ 76]LogModuleManager: Shutting down and abandoning module TaskGraph (332)
[2017.08.17-00.39.14:389][ 76]LogModuleManager: Shutting down and abandoning module SteamVRController (330)
[2017.08.17-00.39.14:389][ 76]LogModuleManager: Shutting down and abandoning module ProceduralMeshComponentEditor (328)
[2017.08.17-00.39.14:389][ 76]LogModuleManager: Shutting down and abandoning module ProceduralMeshComponent (326)
[2017.08.17-00.39.14:389][ 76]LogModuleManager: Shutting down and abandoning module OculusInput (324)
[2017.08.17-00.39.14:415][ 76]LogModuleManager: Shutting down and abandoning module MobilePatchingUtils (322)
[2017.08.17-00.39.14:415][ 76]LogModuleManager: Shutting down and abandoning module CustomMeshComponent (320)
[2017.08.17-00.39.14:415][ 76]LogModuleManager: Shutting down and abandoning module CableComponent (318)
[2017.08.17-00.39.14:431][ 76]LogModuleManager: Shutting down and abandoning module ArchVisCharacter (316)
[2017.08.17-00.39.14:431][ 76]LogModuleManager: Shutting down and abandoning module AndroidPermission (314)
[2017.08.17-00.39.14:431][ 76]LogModuleManager: Shutting down and abandoning module MediaPlayerEditor (310)
[2017.08.17-00.39.14:492][ 76]LogModuleManager: Shutting down and abandoning module HTML5Networking (308)
[2017.08.17-00.39.14:492][ 76]LogModuleManager: Shutting down and abandoning module AlembicImporter (306)
[2017.08.17-00.39.14:514][ 76]LogModuleManager: Shutting down and abandoning module AlembicLibrary (305)
[2017.08.17-00.39.14:514][ 76]LogModuleManager: Shutting down and abandoning module GeometryCache (304)
[2017.08.17-00.39.14:514][ 76]LogModuleManager: Shutting down and abandoning module GeometryCacheEd (303)
[2017.08.17-00.39.14:514][ 76]LogModuleManager: Shutting down and abandoning module SpeedTreeImporter (298)
[2017.08.17-00.39.14:515][ 76]LogModuleManager: Shutting down and abandoning module PluginBrowser (296)
[2017.08.17-00.39.14:545][ 76]LogModuleManager: Shutting down and abandoning module MobileLauncherProfileWizard (294)
[2017.08.17-00.39.14:555][ 76]LogModuleManager: Shutting down and abandoning module VisualStudioSourceCodeAccess (292)
[2017.08.17-00.39.14:555][ 76]LogModuleManager: Shutting down and abandoning module DesktopPlatform (291)
[2017.08.17-00.39.14:574][ 76]LogModuleManager: Shutting down and abandoning module UObjectPlugin (288)
[2017.08.17-00.39.14:574][ 76]LogModuleManager: Shutting down and abandoning module SubversionSourceControl (286)
[2017.08.17-00.39.14:595][ 76]LogModuleManager: Shutting down and abandoning module PerforceSourceControl (284)
[2017.08.17-00.39.14:619][ 76]LogModuleManager: Shutting down and abandoning module GitSourceControl (282)
[2017.08.17-00.39.14:630][ 76]LogModuleManager: Shutting down and abandoning module SourceControl (281)
[2017.08.17-00.39.14:654][ 76]LogModuleManager: Shutting down and abandoning module LightPropagationVolumeEditor (278)
[2017.08.17-00.39.14:654][ 76]LogModuleManager: Shutting down and abandoning module PaperTiledImporter (276)
[2017.08.17-00.39.14:654][ 76]LogModuleManager: Shutting down and abandoning module PaperSpriteSheetImporter (274)
[2017.08.17-00.39.14:654][ 76]LogModuleManager: Shutting down and abandoning module Paper2DEditor (272)
[2017.08.17-00.39.14:672][ 76]LogModuleManager: Shutting down and abandoning module MeshPaint (271)
[2017.08.17-00.39.14:682][ 76]LogModuleManager: Shutting down and abandoning module LevelEditor (269)
[2017.08.17-00.39.14:695][ 76]LogModuleManager: Shutting down and abandoning module PixelInspectorModule (268)
[2017.08.17-00.39.14:715][ 76]LogModuleManager: Shutting down and abandoning module MainFrame (266)
[2017.08.17-00.39.14:715][ 76]LogModuleManager: Shutting down and abandoning module HotReload (265)
[2017.08.17-00.39.14:731][ 76]LogModuleManager: Shutting down and abandoning module RuntimePhysXCooking (260)
[2017.08.17-00.39.14:731][ 76]LogModuleManager: Shutting down and abandoning module PhysXVehiclesEditor (258)
[2017.08.17-00.39.14:731][ 76]LogModuleManager: Shutting down and abandoning module PhysXVehicles (256)
[2017.08.17-00.39.14:731][ 76]LogModuleManager: Shutting down and abandoning module OculusEditor (254)
[2017.08.17-00.39.14:731][ 76]LogModuleManager: Shutting down and abandoning module LocationServicesBPLibrary (252)
[2017.08.17-00.39.14:731][ 76]LogModuleManager: Shutting down and abandoning module ImmediatePhysicsEditor (250)
[2017.08.17-00.39.14:731][ 76]LogModuleManager: Shutting down and abandoning module ImmediatePhysics (248)
[2017.08.17-00.39.14:740][ 76]LogModuleManager: Shutting down and abandoning module UdpMessaging (246)
[2017.08.17-00.39.14:840][ 76]LogModuleManager: Shutting down and abandoning module TcpMessaging (244)
[2017.08.17-00.39.14:950][ 76]LogModuleManager: Shutting down and abandoning module GameplayTagsEditor (242)
[2017.08.17-00.39.14:981][ 76]LogModuleManager: Shutting down and abandoning module FacialAnimationEditor (240)
[2017.08.17-00.39.14:981][ 76]LogModuleManager: Shutting down and abandoning module FacialAnimation (238)
[2017.08.17-00.39.14:981][ 76]LogModuleManager: Shutting down and abandoning module AssetManagerEditor (236)
[2017.08.17-00.39.14:986][ 76]LogModuleManager: Shutting down and abandoning module GraphEditor (235)
[2017.08.17-00.39.15:012][ 76]LogModuleManager: Shutting down and abandoning module ContentBrowser (233)
[2017.08.17-00.39.15:013][ 76]LogModuleManager: Shutting down and abandoning module LightPropagationVolumeRuntime (230)
[2017.08.17-00.39.15:013][ 76]LogModuleManager: Shutting down and abandoning module Paper2D (228)
[2017.08.17-00.39.15:031][ 76]LogModuleManager: Shutting down and abandoning module WindowsMoviePlayer (226)
[2017.08.17-00.39.15:037][ 76]LogModuleManager: Shutting down and abandoning module WmfMedia (224)
[2017.08.17-00.39.15:064][ 76]LogModuleManager: Shutting down and abandoning module PacketHandler (222)
[2017.08.17-00.39.15:064][ 76]LogModuleManager: Shutting down and abandoning module ClothingSystemEditor (220)
[2017.08.17-00.39.15:072][ 76]LogModuleManager: Shutting down and abandoning module ClothingSystemRuntime (218)
[2017.08.17-00.39.15:110][ 76]LogModuleManager: Shutting down and abandoning module Overlay (216)
[2017.08.17-00.39.15:110][ 76]LogModuleManager: Shutting down and abandoning module OverlayEditor (215)
[2017.08.17-00.39.15:110][ 76]LogModuleManager: Shutting down and abandoning module MediaAssets (212)
[2017.08.17-00.39.15:110][ 76]LogModuleManager: Shutting down and abandoning module VREditor (210)
[2017.08.17-00.39.15:130][ 76]LogModuleManager: Shutting down and abandoning module StringTableEditor (208)
[2017.08.17-00.39.15:135][ 76]LogModuleManager: Shutting down and abandoning module GameplayTasksEditor (206)
[2017.08.17-00.39.15:135][ 76]LogModuleManager: Shutting down and abandoning module BehaviorTreeEditor (204)
[2017.08.17-00.39.15:168][ 76]LogModuleManager: Shutting down and abandoning module FunctionalTesting (202)
[2017.08.17-00.39.15:169][ 76]LogModuleManager: Shutting down and abandoning module CollisionAnalyzer (200)
[2017.08.17-00.39.15:179][ 76]LogModuleManager: Shutting down and abandoning module WorkspaceMenuStructure (199)
[2017.08.17-00.39.15:179][ 76]LogModuleManager: Shutting down and abandoning module UMG (196)
[2017.08.17-00.39.15:198][ 76]LogModuleManager: Shutting down and abandoning module UMGEditor (195)
[2017.08.17-00.39.15:218][ 76]LogModuleManager: Shutting down and abandoning module Sequencer (194)
[2017.08.17-00.39.15:229][ 76]LogModuleManager: Shutting down and abandoning module MessageLog (191)
[2017.08.17-00.39.15:229][ 76]LogModuleManager: Shutting down and abandoning module SlateReflector (186)
[2017.08.17-00.39.15:253][ 76]LogModuleManager: Shutting down and abandoning module Slate (184)
[2017.08.17-00.39.15:253][ 76]LogModuleManager: Shutting down and abandoning module EditorStyle (182)
[2017.08.17-00.39.15:262][ 76]LogModuleManager: Shutting down and abandoning module MRMesh (180)
[2017.08.17-00.39.15:262][ 76]LogModuleManager: Shutting down and abandoning module SourceCodeAccess (178)
[2017.08.17-00.39.15:263][ 76]LogModuleManager: Shutting down and abandoning module HeadMountedDisplay (176)
[2017.08.17-00.39.15:263][ 76]LogModuleManager: Shutting down and abandoning module XAudio2 (174)
[2017.08.17-00.39.15:263][ 76]LogModuleManager: Shutting down and abandoning module Networking (172)
[2017.08.17-00.39.15:263][ 76]LogModuleManager: Shutting down and abandoning module Core (168)
[2017.08.17-00.39.15:263][ 76]LogModuleManager: Shutting down and abandoning module KismetCompiler (164)
[2017.08.17-00.39.15:263][ 76]LogModuleManager: Shutting down and abandoning module MeshUtilities (162)
[2017.08.17-00.39.15:291][ 76]LogModuleManager: Shutting down and abandoning module MeshMergeUtilities (161)
[2017.08.17-00.39.15:305][ 76]LogModuleManager: Shutting down and abandoning module MeshReductionInterface (160)
[2017.08.17-00.39.15:305][ 76]LogModuleManager: Shutting down and abandoning module SimplygonSwarm (159)
[2017.08.17-00.39.15:316][ 76]LogModuleManager: Shutting down and abandoning module SimplygonMeshReduction (157)
[2017.08.17-00.39.15:316][ 76]LogModuleManager: Shutting down and abandoning module QuadricMeshReduction (155)
[2017.08.17-00.39.15:337][ 76]LogModuleManager: Shutting down and abandoning module MaterialBaking (151)
[2017.08.17-00.39.15:347][ 76]LogModuleManager: Shutting down and abandoning module LevelSequence (148)
[2017.08.17-00.39.15:347][ 76]LogModuleManager: Shutting down and abandoning module DirectoryWatcher (146)
[2017.08.17-00.39.15:349][ 76]LogModuleManager: Shutting down and abandoning module DerivedDataCache (144)
[2017.08.17-00.39.15:433][ 76]LogDerivedDataCache: Shutdown
[2017.08.17-00.39.15:433][ 76]LogModuleManager: Shutting down and abandoning module TargetPlatform (142)
[2017.08.17-00.39.15:433][ 76]LogModuleManager: Shutting down and abandoning module VulkanShaderFormat (141)
[2017.08.17-00.39.15:462][ 76]LogModuleManager: Shutting down and abandoning module ShaderFormatVectorVM (139)
[2017.08.17-00.39.15:470][ 76]LogModuleManager: Shutting down and abandoning module ShaderFormatOpenGL (137)
[2017.08.17-00.39.15:483][ 76]LogModuleManager: Shutting down and abandoning module ShaderFormatD3D (135)
[2017.08.17-00.39.15:495][ 76]LogModuleManager: Shutting down and abandoning module MetalShaderFormat (133)
[2017.08.17-00.39.15:515][ 76]LogModuleManager: Shutting down and abandoning module TextureFormatUncompressed (131)
[2017.08.17-00.39.15:515][ 76]LogModuleManager: Shutting down and abandoning module TextureFormatPVR (129)
[2017.08.17-00.39.15:515][ 76]LogModuleManager: Shutting down and abandoning module TextureFormatDXT (127)
[2017.08.17-00.39.15:515][ 76]LogModuleManager: Shutting down and abandoning module TextureFormatIntelISPCTexComp (125)
[2017.08.17-00.39.15:544][ 76]LogModuleManager: Shutting down and abandoning module TextureFormatASTC (123)
[2017.08.17-00.39.15:544][ 76]LogModuleManager: Shutting down and abandoning module ImageWrapper (122)
[2017.08.17-00.39.15:544][ 76]LogModuleManager: Shutting down and abandoning module TextureFormatAndroid (119)
[2017.08.17-00.39.15:544][ 76]LogModuleManager: Shutting down and abandoning module AudioFormatOpus (117)
[2017.08.17-00.39.15:544][ 76]LogModuleManager: Shutting down and abandoning module AudioFormatOgg (115)
[2017.08.17-00.39.15:544][ 76]LogModuleManager: Shutting down and abandoning module AudioFormatADPCM (113)
[2017.08.17-00.39.15:544][ 76]LogModuleManager: Shutting down and abandoning module LinuxTargetPlatform (111)
[2017.08.17-00.39.15:544][ 76]LogModuleManager: Shutting down and abandoning module LinuxServerTargetPlatform (109)
[2017.08.17-00.39.15:544][ 76]LogModuleManager: Shutting down and abandoning module LinuxNoEditorTargetPlatform (107)
[2017.08.17-00.39.15:544][ 76]LogModuleManager: Shutting down and abandoning module LinuxClientTargetPlatform (105)
[2017.08.17-00.39.15:544][ 76]LogModuleManager: Shutting down and abandoning module TVOSTargetPlatform (103)
[2017.08.17-00.39.15:544][ 76]LogModuleManager: Shutting down and abandoning module Messaging (101)
[2017.08.17-00.39.15:544][ 76]LogModuleManager: Shutting down and abandoning module IOSTargetPlatform (99)
[2017.08.17-00.39.15:545][ 76]LogModuleManager: Shutting down and abandoning module HTML5TargetPlatform (97)
[2017.08.17-00.39.15:545][ 76]LogModuleManager: Shutting down and abandoning module Android_PVRTCTargetPlatform (95)
[2017.08.17-00.39.15:545][ 76]LogModuleManager: Shutting down and abandoning module Android_MultiTargetPlatform (93)
[2017.08.17-00.39.15:545][ 76]LogModuleManager: Shutting down and abandoning module Android_ETC2TargetPlatform (91)
[2017.08.17-00.39.15:545][ 76]LogModuleManager: Shutting down and abandoning module Android_ETC1TargetPlatform (89)
[2017.08.17-00.39.15:545][ 76]LogModuleManager: Shutting down and abandoning module Android_DXTTargetPlatform (87)
[2017.08.17-00.39.15:545][ 76]LogModuleManager: Shutting down and abandoning module Android_ATCTargetPlatform (85)
[2017.08.17-00.39.15:545][ 76]LogModuleManager: Shutting down and abandoning module Android_ASTCTargetPlatform (83)
[2017.08.17-00.39.15:545][ 76]LogModuleManager: Shutting down and abandoning module AndroidTargetPlatform (81)
[2017.08.17-00.39.15:545][ 76]LogModuleManager: Shutting down and abandoning module WindowsTargetPlatform (79)
[2017.08.17-00.39.15:545][ 76]LogModuleManager: Shutting down and abandoning module WindowsServerTargetPlatform (77)
[2017.08.17-00.39.15:545][ 76]LogModuleManager: Shutting down and abandoning module WindowsNoEditorTargetPlatform (75)
[2017.08.17-00.39.15:545][ 76]LogModuleManager: Shutting down and abandoning module WindowsClientTargetPlatform (73)
[2017.08.17-00.39.15:545][ 76]LogModuleManager: Shutting down and abandoning module MacTargetPlatform (71)
[2017.08.17-00.39.15:545][ 76]LogModuleManager: Shutting down and abandoning module MacServerTargetPlatform (69)
[2017.08.17-00.39.15:545][ 76]LogModuleManager: Shutting down and abandoning module MacNoEditorTargetPlatform (67)
[2017.08.17-00.39.15:545][ 76]LogModuleManager: Shutting down and abandoning module MacClientTargetPlatform (65)
[2017.08.17-00.39.15:546][ 76]LogModuleManager: Shutting down and abandoning module AllDesktopTargetPlatform (63)
[2017.08.17-00.39.15:546][ 76]LogModuleManager: Shutting down and abandoning module InputCore (60)
[2017.08.17-00.39.15:546][ 76]LogModuleManager: Shutting down and abandoning module Settings (58)
[2017.08.17-00.39.15:546][ 76]LogModuleManager: Shutting down and abandoning module PhysXCooking (56)
[2017.08.17-00.39.15:546][ 76]LogModuleManager: Shutting down and abandoning module SteamVR (54)
[2017.08.17-00.39.15:546][ 76]LogModuleManager: Shutting down and abandoning module OculusHMD (52)
[2017.08.17-00.39.15:557][ 76]LogModuleManager: Shutting down and abandoning module ExampleDeviceProfileSelector (50)
[2017.08.17-00.39.15:558][ 76]LogModuleManager: Shutting down and abandoning module OnlineBlueprintSupport (48)
[2017.08.17-00.39.15:558][ 76]LogModuleManager: Shutting down and abandoning module OnlineSubsystem (44)
[2017.08.17-00.39.15:558][ 76]LogOnline: Display: Unloading online subsystem: NULL
[2017.08.17-00.39.15:572][ 76]LogModuleManager: Shutting down and abandoning module XMPP (43)
[2017.08.17-00.39.15:597][ 76]LogModuleManager: Shutting down and abandoning module HTTP (41)
[2017.08.17-00.39.15:597][ 76]LogHttp: Display: Http module shutting down, but needs to wait on 1 outstanding Http requests:
[2017.08.17-00.39.15:602][ 76]LogHttp: Display: 	verb=[POST] url=[https://datarouter.ol.epicgames.com/datarouter/api/v1/public/data?SessionID=%7B91713D3F-416B-672B-5BA0-28A6D7272316%7D&AppID=UEEditor.Rocket.Release&AppVersion=4.17.0-3573198%2B%2B%2BUE4%2BRelease-4.17&UserID=6a1baa024b5fd1e96f7925b085ec5058%7C8cbda5b3f27b4286bc4a3cd8ab11c617%7C035b1d9e-f9b9-4a98-a2b2-045965b37ea2&AppEnvironment=datacollector-binary&UploadType=eteventstream] status=Processing
[2017.08.17-00.39.15:636][ 76]LogModuleManager: Shutting down and abandoning module SSL (40)
[2017.08.17-00.39.15:650][ 76]LogModuleManager: Shutting down and abandoning module AnimationModifiers (36)
[2017.08.17-00.39.15:660][ 76]LogModuleManager: Shutting down and abandoning module PropertyEditor (35)
[2017.08.17-00.39.15:661][ 76]LogModuleManager: Shutting down and abandoning module AudioEditor (32)
[2017.08.17-00.39.15:693][ 76]LogModuleManager: Shutting down and abandoning module TextureCompressor (30)
[2017.08.17-00.39.15:693][ 76]LogModuleManager: Shutting down and abandoning module ShaderCore (28)
[2017.08.17-00.39.15:693][ 76]LogModuleManager: Shutting down and abandoning module Landscape (26)
[2017.08.17-00.39.15:693][ 76]LogModuleManager: Shutting down and abandoning module SlateRHIRenderer (24)
[2017.08.17-00.39.15:712][ 76]LogModuleManager: Shutting down and abandoning module OpenGLDrv (22)
[2017.08.17-00.39.15:722][ 76]LogModuleManager: Shutting down and abandoning module D3D11RHI (20)
[2017.08.17-00.39.15:722][ 76]LogModuleManager: Shutting down and abandoning module AnimGraphRuntime (18)
[2017.08.17-00.39.15:739][ 76]LogModuleManager: Shutting down and abandoning module Renderer (16)
[2017.08.17-00.39.15:755][ 76]LogModuleManager: Shutting down and abandoning module Engine (14)
[2017.08.17-00.39.15:755][ 76]LogModuleManager: Shutting down and abandoning module CoreUObject (12)
[2017.08.17-00.39.15:755][ 76]LogModuleManager: Shutting down and abandoning module NetworkFile (10)
[2017.08.17-00.39.15:765][ 76]LogModuleManager: Shutting down and abandoning module CookedIterativeFile (8)
[2017.08.17-00.39.15:765][ 76]LogModuleManager: Shutting down and abandoning module StreamingFile (6)
[2017.08.17-00.39.15:778][ 76]LogModuleManager: Shutting down and abandoning module SandboxFile (4)
[2017.08.17-00.39.15:788][ 76]LogModuleManager: Shutting down and abandoning module PakFile (2)
[2017.08.17-00.39.15:820][ 76]LogExit: Exiting.
[2017.08.17-00.39.15:831][ 76]Log file closed, 08/17/17 03:39:15
